[debug] [2024-02-02T05:08:41.786Z] ----------------------------------------------------------------------
[debug] [2024-02-02T05:08:41.794Z] Command:       C:\Program Files\nodejs\node.exe C:\Users\sevilla dsouza\AppData\Roaming\npm\node_modules\firebase-tools\lib\bin\firebase.js deploy --only functions
[debug] [2024-02-02T05:08:41.796Z] CLI Version:   13.1.0
[debug] [2024-02-02T05:08:41.797Z] Platform:      win32
[debug] [2024-02-02T05:08:41.797Z] Node Version:  v21.5.0
[debug] [2024-02-02T05:08:41.798Z] Time:          Fri Feb 02 2024 10:38:41 GMT+0530 (India Standard Time)
[debug] [2024-02-02T05:08:41.799Z] ----------------------------------------------------------------------
[debug] 
[debug] [2024-02-02T05:08:42.083Z] > command requires scopes: ["email","openid","https://www.googleapis.com/auth/cloudplatformprojects.readonly","https://www.googleapis.com/auth/firebase","https://www.googleapis.com/auth/cloud-platform"]
[debug] [2024-02-02T05:08:42.085Z] > authorizing via signed-in user (saniton@perceptionyst.com)
[debug] [2024-02-02T05:08:42.085Z] [iam] checking project mog-aasu for permissions ["cloudfunctions.functions.create","cloudfunctions.functions.delete","cloudfunctions.functions.get","cloudfunctions.functions.list","cloudfunctions.functions.update","cloudfunctions.operations.get","firebase.projects.get"]
[debug] [2024-02-02T05:08:42.093Z] >>> [apiv2][query] POST https://cloudresourcemanager.googleapis.com/v1/projects/mog-aasu:testIamPermissions [none]
[debug] [2024-02-02T05:08:42.093Z] >>> [apiv2][(partial)header] POST https://cloudresourcemanager.googleapis.com/v1/projects/mog-aasu:testIamPermissions x-goog-quota-user=projects/mog-aasu
[debug] [2024-02-02T05:08:42.094Z] >>> [apiv2][body] POST https://cloudresourcemanager.googleapis.com/v1/projects/mog-aasu:testIamPermissions {"permissions":["cloudfunctions.functions.create","cloudfunctions.functions.delete","cloudfunctions.functions.get","cloudfunctions.functions.list","cloudfunctions.functions.update","cloudfunctions.operations.get","firebase.projects.get"]}
[debug] [2024-02-02T05:08:45.303Z] <<< [apiv2][status] POST https://cloudresourcemanager.googleapis.com/v1/projects/mog-aasu:testIamPermissions 200
[debug] [2024-02-02T05:08:45.304Z] <<< [apiv2][body] POST https://cloudresourcemanager.googleapis.com/v1/projects/mog-aasu:testIamPermissions {"permissions":["cloudfunctions.functions.create","cloudfunctions.functions.delete","cloudfunctions.functions.get","cloudfunctions.functions.list","cloudfunctions.functions.update","cloudfunctions.operations.get","firebase.projects.get"]}
[debug] [2024-02-02T05:08:45.305Z] >>> [apiv2][query] POST https://iam.googleapis.com/v1/projects/mog-aasu/serviceAccounts/mog-aasu@appspot.gserviceaccount.com:testIamPermissions [none]
[debug] [2024-02-02T05:08:45.306Z] >>> [apiv2][body] POST https://iam.googleapis.com/v1/projects/mog-aasu/serviceAccounts/mog-aasu@appspot.gserviceaccount.com:testIamPermissions {"permissions":["iam.serviceAccounts.actAs"]}
[debug] [2024-02-02T05:08:47.486Z] <<< [apiv2][status] POST https://iam.googleapis.com/v1/projects/mog-aasu/serviceAccounts/mog-aasu@appspot.gserviceaccount.com:testIamPermissions 200
[debug] [2024-02-02T05:08:47.487Z] <<< [apiv2][body] POST https://iam.googleapis.com/v1/projects/mog-aasu/serviceAccounts/mog-aasu@appspot.gserviceaccount.com:testIamPermissions {"permissions":["iam.serviceAccounts.actAs"]}
[info] 
[info] === Deploying to 'mog-aasu'...
[info] 
[info] i  deploying functions 
[debug] [2024-02-02T05:08:47.508Z] >>> [apiv2][query] GET https://firebase.googleapis.com/v1beta1/projects/mog-aasu [none]
[debug] [2024-02-02T05:08:48.297Z] <<< [apiv2][status] GET https://firebase.googleapis.com/v1beta1/projects/mog-aasu 200
[debug] [2024-02-02T05:08:48.298Z] <<< [apiv2][body] GET https://firebase.googleapis.com/v1beta1/projects/mog-aasu {"projectId":"mog-aasu","projectNumber":"289337562695","displayName":"Mog Aasu","name":"projects/mog-aasu","resources":{"hostingSite":"mog-aasu"},"state":"ACTIVE","etag":"1_3fa40a66-f108-4043-9c57-3f7d791734c6"}
[info] i  functions: preparing codebase default for deployment 
[info] i  functions: ensuring required API cloudfunctions.googleapis.com is enabled... 
[info] i  functions: ensuring required API cloudbuild.googleapis.com is enabled... 
[info] i  artifactregistry: ensuring required API artifactregistry.googleapis.com is enabled... 
[debug] [2024-02-02T05:08:48.311Z] >>> [apiv2][query] GET https://serviceusage.googleapis.com/v1/projects/mog-aasu/services/cloudfunctions.googleapis.com [none]
[debug] [2024-02-02T05:08:48.312Z] >>> [apiv2][(partial)header] GET https://serviceusage.googleapis.com/v1/projects/mog-aasu/services/cloudfunctions.googleapis.com x-goog-quota-user=projects/mog-aasu
[debug] [2024-02-02T05:08:48.316Z] >>> [apiv2][query] GET https://serviceusage.googleapis.com/v1/projects/mog-aasu/services/runtimeconfig.googleapis.com [none]
[debug] [2024-02-02T05:08:48.317Z] >>> [apiv2][(partial)header] GET https://serviceusage.googleapis.com/v1/projects/mog-aasu/services/runtimeconfig.googleapis.com x-goog-quota-user=projects/mog-aasu
[debug] [2024-02-02T05:08:48.323Z] >>> [apiv2][query] GET https://serviceusage.googleapis.com/v1/projects/mog-aasu/services/cloudbuild.googleapis.com [none]
[debug] [2024-02-02T05:08:48.323Z] >>> [apiv2][(partial)header] GET https://serviceusage.googleapis.com/v1/projects/mog-aasu/services/cloudbuild.googleapis.com x-goog-quota-user=projects/mog-aasu
[debug] [2024-02-02T05:08:48.329Z] >>> [apiv2][query] GET https://serviceusage.googleapis.com/v1/projects/mog-aasu/services/artifactregistry.googleapis.com [none]
[debug] [2024-02-02T05:08:48.329Z] >>> [apiv2][(partial)header] GET https://serviceusage.googleapis.com/v1/projects/mog-aasu/services/artifactregistry.googleapis.com x-goog-quota-user=projects/mog-aasu
[debug] [2024-02-02T05:08:50.707Z] <<< [apiv2][status] GET https://serviceusage.googleapis.com/v1/projects/mog-aasu/services/runtimeconfig.googleapis.com 200
[debug] [2024-02-02T05:08:50.707Z] <<< [apiv2][body] GET https://serviceusage.googleapis.com/v1/projects/mog-aasu/services/runtimeconfig.googleapis.com [omitted]
[debug] [2024-02-02T05:08:50.802Z] <<< [apiv2][status] GET https://serviceusage.googleapis.com/v1/projects/mog-aasu/services/cloudfunctions.googleapis.com 200
[debug] [2024-02-02T05:08:50.803Z] <<< [apiv2][body] GET https://serviceusage.googleapis.com/v1/projects/mog-aasu/services/cloudfunctions.googleapis.com [omitted]
[info] +  functions: required API cloudfunctions.googleapis.com is enabled 
[debug] [2024-02-02T05:08:50.812Z] <<< [apiv2][status] GET https://serviceusage.googleapis.com/v1/projects/mog-aasu/services/artifactregistry.googleapis.com 200
[debug] [2024-02-02T05:08:50.813Z] <<< [apiv2][body] GET https://serviceusage.googleapis.com/v1/projects/mog-aasu/services/artifactregistry.googleapis.com [omitted]
[info] +  artifactregistry: required API artifactregistry.googleapis.com is enabled 
[debug] [2024-02-02T05:08:50.852Z] <<< [apiv2][status] GET https://serviceusage.googleapis.com/v1/projects/mog-aasu/services/cloudbuild.googleapis.com 200
[debug] [2024-02-02T05:08:50.853Z] <<< [apiv2][body] GET https://serviceusage.googleapis.com/v1/projects/mog-aasu/services/cloudbuild.googleapis.com [omitted]
[info] +  functions: required API cloudbuild.googleapis.com is enabled 
[debug] [2024-02-02T05:08:50.855Z] >>> [apiv2][query] GET https://firebase.googleapis.com/v1beta1/projects/mog-aasu/adminSdkConfig [none]
[debug] [2024-02-02T05:08:51.299Z] <<< [apiv2][status] GET https://firebase.googleapis.com/v1beta1/projects/mog-aasu/adminSdkConfig 200
[debug] [2024-02-02T05:08:51.300Z] <<< [apiv2][body] GET https://firebase.googleapis.com/v1beta1/projects/mog-aasu/adminSdkConfig {"projectId":"mog-aasu","storageBucket":"mog-aasu.appspot.com"}
[debug] [2024-02-02T05:08:51.301Z] >>> [apiv2][query] GET https://runtimeconfig.googleapis.com/v1beta1/projects/mog-aasu/configs [none]
[debug] [2024-02-02T05:08:53.159Z] <<< [apiv2][status] GET https://runtimeconfig.googleapis.com/v1beta1/projects/mog-aasu/configs 200
[debug] [2024-02-02T05:08:53.160Z] <<< [apiv2][body] GET https://runtimeconfig.googleapis.com/v1beta1/projects/mog-aasu/configs {}
[debug] [2024-02-02T05:08:53.165Z] Validating nodejs source
[debug] [2024-02-02T05:08:57.744Z] > [functions] package.json contents: {
  "name": "functions",
  "description": "Cloud Functions for Firebase",
  "scripts": {
    "serve": "firebase emulators:start --only functions",
    "shell": "firebase functions:shell",
    "start": "npm run shell",
    "deploy": "firebase deploy --only functions",
    "logs": "firebase functions:log"
  },
  "engines": {
    "node": "18"
  },
  "main": "index.js",
  "dependencies": {
    "firebase-admin": "^11.8.0",
    "firebase-functions": "^4.6.0"
  },
  "devDependencies": {
    "firebase-functions-test": "^3.1.0"
  },
  "private": true
}
[debug] [2024-02-02T05:08:57.744Z] Building nodejs source
[info] i  functions: Loading and analyzing source code for codebase default to determine what to deploy 
[debug] [2024-02-02T05:08:57.750Z] Could not find functions.yaml. Must use http discovery
[debug] [2024-02-02T05:08:57.777Z] Found firebase-functions binary at 'C:\Users\sevilla dsouza\Desktop\New folder (5)\trial\server\node_modules\.bin\firebase-functions'
[info] Serving at port 8976

[info] url:mongodb://localhost:27017/upqrade

[error] (node:13520) [MONGODB DRIVER] Warning: useNewUrlParser is a deprecated option: useNewUrlParser has no effect since Node.js Driver version 4.0.0 and will be removed in the next major version
(Use `node --trace-warnings ...` to show where the warning was created)

[error] (node:13520) [MONGODB DRIVER] Warning: useUnifiedTopology is a deprecated option: useUnifiedTopology has no effect since Node.js Driver version 4.0.0 and will be removed in the next major version

[error] node:events:497
      throw er; // Unhandled 'error' event
      ^

Error: listen EADDRINUSE: address already in use :::8976
    at Server.setupListenHandle [as _listen2] (node:net:1872:16)
    at listenInCluster (node:net:1920:12)
    at Server.listen (node:net:2008:7)
    at Function.listen (C:\Users\sevilla dsouza\Desktop\New folder (5)\trial\server\node_modules\express\lib\application.js:635:24)
    at Object.<anonymous> (C:\Users\sevilla dsouza\Desktop\New folder (5)\trial\server\server.js:206:7)
    at Module._compile (node:internal/modules/cjs/loader:1375:14)
    at Module._extensions..js (node:internal/modules/cjs/loader:1434:10)
    at Module.load (node:internal/modules/cjs/loader:1206:32)
    at Module._load (node:internal/modules/cjs/loader:1022:12)
    at Module.require (node:internal/modules/cjs/loader:1234:19)
Emitted 'error' event on Server instance at:
    at emitErrorNT (node:net:1899:8)
    at process.processTicksAndRejections (node:internal/process/task_queues:82:21) {
  code: 'EADDRINUSE',
  errno: -4091,
  syscall: 'listen',
  address: '::',
  port: 8976
}

Node.js v21.5.0

[debug] [2024-02-02T05:09:01.392Z] Failed to call quitquitquit. This often means the server failed to start request to http://localhost:8976/__/quitquitquit failed, reason:  {"message":"request to http://localhost:8976/__/quitquitquit failed, reason: ","type":"system","errno":"ECONNREFUSED","code":"ECONNREFUSED"}
[debug] [2024-02-02T05:09:01.986Z] FetchError: request to http://127.0.0.1:8976/__/functions.yaml failed, reason: read ECONNRESET
    at ClientRequest.<anonymous> (C:\Users\sevilla dsouza\AppData\Roaming\npm\node_modules\firebase-tools\node_modules\node-fetch\lib\index.js:1501:11)
    at ClientRequest.emit (node:events:519:28)
    at ClientRequest.emit (node:domain:488:12)
    at Socket.socketErrorListener (node:_http_client:495:9)
    at Socket.emit (node:events:519:28)
    at Socket.emit (node:domain:488:12)
    at emitErrorNT (node:internal/streams/destroy:169:8)
    at emitErrorCloseNT (node:internal/streams/destroy:128:3)
    at process.processTicksAndRejections (node:internal/process/task_queues:82:21)
[error] 
[error] Error: An unexpected error has occurred.
[debug] [2024-02-02T05:21:27.993Z] ----------------------------------------------------------------------
[debug] [2024-02-02T05:21:28.001Z] Command:       C:\Program Files\nodejs\node.exe C:\Users\sevilla dsouza\AppData\Roaming\npm\node_modules\firebase-tools\lib\bin\firebase.js deploy --only functions
[debug] [2024-02-02T05:21:28.003Z] CLI Version:   13.1.0
[debug] [2024-02-02T05:21:28.004Z] Platform:      win32
[debug] [2024-02-02T05:21:28.004Z] Node Version:  v21.5.0
[debug] [2024-02-02T05:21:28.005Z] Time:          Fri Feb 02 2024 10:51:28 GMT+0530 (India Standard Time)
[debug] [2024-02-02T05:21:28.006Z] ----------------------------------------------------------------------
[debug] 
[debug] [2024-02-02T05:21:28.251Z] > command requires scopes: ["email","openid","https://www.googleapis.com/auth/cloudplatformprojects.readonly","https://www.googleapis.com/auth/firebase","https://www.googleapis.com/auth/cloud-platform"]
[debug] [2024-02-02T05:21:28.253Z] > authorizing via signed-in user (saniton@perceptionyst.com)
[debug] [2024-02-02T05:21:28.253Z] [iam] checking project mog-aasu for permissions ["cloudfunctions.functions.create","cloudfunctions.functions.delete","cloudfunctions.functions.get","cloudfunctions.functions.list","cloudfunctions.functions.update","cloudfunctions.operations.get","firebase.projects.get"]
[debug] [2024-02-02T05:21:28.260Z] >>> [apiv2][query] POST https://cloudresourcemanager.googleapis.com/v1/projects/mog-aasu:testIamPermissions [none]
[debug] [2024-02-02T05:21:28.260Z] >>> [apiv2][(partial)header] POST https://cloudresourcemanager.googleapis.com/v1/projects/mog-aasu:testIamPermissions x-goog-quota-user=projects/mog-aasu
[debug] [2024-02-02T05:21:28.261Z] >>> [apiv2][body] POST https://cloudresourcemanager.googleapis.com/v1/projects/mog-aasu:testIamPermissions {"permissions":["cloudfunctions.functions.create","cloudfunctions.functions.delete","cloudfunctions.functions.get","cloudfunctions.functions.list","cloudfunctions.functions.update","cloudfunctions.operations.get","firebase.projects.get"]}
[debug] [2024-02-02T05:21:30.561Z] <<< [apiv2][status] POST https://cloudresourcemanager.googleapis.com/v1/projects/mog-aasu:testIamPermissions 200
[debug] [2024-02-02T05:21:30.562Z] <<< [apiv2][body] POST https://cloudresourcemanager.googleapis.com/v1/projects/mog-aasu:testIamPermissions {"permissions":["cloudfunctions.functions.create","cloudfunctions.functions.delete","cloudfunctions.functions.get","cloudfunctions.functions.list","cloudfunctions.functions.update","cloudfunctions.operations.get","firebase.projects.get"]}
[debug] [2024-02-02T05:21:30.564Z] >>> [apiv2][query] POST https://iam.googleapis.com/v1/projects/mog-aasu/serviceAccounts/mog-aasu@appspot.gserviceaccount.com:testIamPermissions [none]
[debug] [2024-02-02T05:21:30.564Z] >>> [apiv2][body] POST https://iam.googleapis.com/v1/projects/mog-aasu/serviceAccounts/mog-aasu@appspot.gserviceaccount.com:testIamPermissions {"permissions":["iam.serviceAccounts.actAs"]}
[debug] [2024-02-02T05:21:32.736Z] <<< [apiv2][status] POST https://iam.googleapis.com/v1/projects/mog-aasu/serviceAccounts/mog-aasu@appspot.gserviceaccount.com:testIamPermissions 200
[debug] [2024-02-02T05:21:32.737Z] <<< [apiv2][body] POST https://iam.googleapis.com/v1/projects/mog-aasu/serviceAccounts/mog-aasu@appspot.gserviceaccount.com:testIamPermissions {"permissions":["iam.serviceAccounts.actAs"]}
[info] 
[info] === Deploying to 'mog-aasu'...
[info] 
[info] i  deploying functions 
[debug] [2024-02-02T05:21:32.752Z] >>> [apiv2][query] GET https://firebase.googleapis.com/v1beta1/projects/mog-aasu [none]
[debug] [2024-02-02T05:21:33.566Z] <<< [apiv2][status] GET https://firebase.googleapis.com/v1beta1/projects/mog-aasu 200
[debug] [2024-02-02T05:21:33.567Z] <<< [apiv2][body] GET https://firebase.googleapis.com/v1beta1/projects/mog-aasu {"projectId":"mog-aasu","projectNumber":"289337562695","displayName":"Mog Aasu","name":"projects/mog-aasu","resources":{"hostingSite":"mog-aasu"},"state":"ACTIVE","etag":"1_3fa40a66-f108-4043-9c57-3f7d791734c6"}
[info] i  functions: preparing codebase default for deployment 
[info] i  functions: ensuring required API cloudfunctions.googleapis.com is enabled... 
[info] i  functions: ensuring required API cloudbuild.googleapis.com is enabled... 
[info] i  artifactregistry: ensuring required API artifactregistry.googleapis.com is enabled... 
[debug] [2024-02-02T05:21:33.578Z] >>> [apiv2][query] GET https://serviceusage.googleapis.com/v1/projects/mog-aasu/services/cloudfunctions.googleapis.com [none]
[debug] [2024-02-02T05:21:33.578Z] >>> [apiv2][(partial)header] GET https://serviceusage.googleapis.com/v1/projects/mog-aasu/services/cloudfunctions.googleapis.com x-goog-quota-user=projects/mog-aasu
[debug] [2024-02-02T05:21:33.583Z] >>> [apiv2][query] GET https://serviceusage.googleapis.com/v1/projects/mog-aasu/services/runtimeconfig.googleapis.com [none]
[debug] [2024-02-02T05:21:33.583Z] >>> [apiv2][(partial)header] GET https://serviceusage.googleapis.com/v1/projects/mog-aasu/services/runtimeconfig.googleapis.com x-goog-quota-user=projects/mog-aasu
[debug] [2024-02-02T05:21:33.588Z] >>> [apiv2][query] GET https://serviceusage.googleapis.com/v1/projects/mog-aasu/services/cloudbuild.googleapis.com [none]
[debug] [2024-02-02T05:21:33.589Z] >>> [apiv2][(partial)header] GET https://serviceusage.googleapis.com/v1/projects/mog-aasu/services/cloudbuild.googleapis.com x-goog-quota-user=projects/mog-aasu
[debug] [2024-02-02T05:21:33.593Z] >>> [apiv2][query] GET https://serviceusage.googleapis.com/v1/projects/mog-aasu/services/artifactregistry.googleapis.com [none]
[debug] [2024-02-02T05:21:33.593Z] >>> [apiv2][(partial)header] GET https://serviceusage.googleapis.com/v1/projects/mog-aasu/services/artifactregistry.googleapis.com x-goog-quota-user=projects/mog-aasu
[debug] [2024-02-02T05:21:36.098Z] <<< [apiv2][status] GET https://serviceusage.googleapis.com/v1/projects/mog-aasu/services/runtimeconfig.googleapis.com 200
[debug] [2024-02-02T05:21:36.099Z] <<< [apiv2][body] GET https://serviceusage.googleapis.com/v1/projects/mog-aasu/services/runtimeconfig.googleapis.com [omitted]
[debug] [2024-02-02T05:21:36.109Z] <<< [apiv2][status] GET https://serviceusage.googleapis.com/v1/projects/mog-aasu/services/artifactregistry.googleapis.com 200
[debug] [2024-02-02T05:21:36.110Z] <<< [apiv2][body] GET https://serviceusage.googleapis.com/v1/projects/mog-aasu/services/artifactregistry.googleapis.com [omitted]
[info] +  artifactregistry: required API artifactregistry.googleapis.com is enabled 
[debug] [2024-02-02T05:21:36.118Z] <<< [apiv2][status] GET https://serviceusage.googleapis.com/v1/projects/mog-aasu/services/cloudfunctions.googleapis.com 200
[debug] [2024-02-02T05:21:36.118Z] <<< [apiv2][body] GET https://serviceusage.googleapis.com/v1/projects/mog-aasu/services/cloudfunctions.googleapis.com [omitted]
[info] +  functions: required API cloudfunctions.googleapis.com is enabled 
[debug] [2024-02-02T05:21:36.155Z] <<< [apiv2][status] GET https://serviceusage.googleapis.com/v1/projects/mog-aasu/services/cloudbuild.googleapis.com 200
[debug] [2024-02-02T05:21:36.156Z] <<< [apiv2][body] GET https://serviceusage.googleapis.com/v1/projects/mog-aasu/services/cloudbuild.googleapis.com [omitted]
[info] +  functions: required API cloudbuild.googleapis.com is enabled 
[debug] [2024-02-02T05:21:36.158Z] >>> [apiv2][query] GET https://firebase.googleapis.com/v1beta1/projects/mog-aasu/adminSdkConfig [none]
[debug] [2024-02-02T05:21:36.756Z] <<< [apiv2][status] GET https://firebase.googleapis.com/v1beta1/projects/mog-aasu/adminSdkConfig 200
[debug] [2024-02-02T05:21:36.756Z] <<< [apiv2][body] GET https://firebase.googleapis.com/v1beta1/projects/mog-aasu/adminSdkConfig {"projectId":"mog-aasu","storageBucket":"mog-aasu.appspot.com"}
[debug] [2024-02-02T05:21:36.759Z] >>> [apiv2][query] GET https://runtimeconfig.googleapis.com/v1beta1/projects/mog-aasu/configs [none]
[debug] [2024-02-02T05:21:37.658Z] <<< [apiv2][status] GET https://runtimeconfig.googleapis.com/v1beta1/projects/mog-aasu/configs 200
[debug] [2024-02-02T05:21:37.658Z] <<< [apiv2][body] GET https://runtimeconfig.googleapis.com/v1beta1/projects/mog-aasu/configs {}
[debug] [2024-02-02T05:21:37.663Z] Validating nodejs source
[debug] [2024-02-02T05:21:41.998Z] > [functions] package.json contents: {
  "name": "functions",
  "description": "Cloud Functions for Firebase",
  "scripts": {
    "serve": "firebase emulators:start --only functions",
    "shell": "firebase functions:shell",
    "start": "npm run shell",
    "deploy": "firebase deploy --only functions",
    "logs": "firebase functions:log"
  },
  "engines": {
    "node": "18"
  },
  "main": "index.js",
  "dependencies": {
    "firebase-admin": "^11.8.0",
    "firebase-functions": "^4.6.0"
  },
  "devDependencies": {
    "firebase-functions-test": "^3.1.0"
  },
  "private": true
}
[debug] [2024-02-02T05:21:41.999Z] Building nodejs source
[info] i  functions: Loading and analyzing source code for codebase default to determine what to deploy 
[debug] [2024-02-02T05:21:42.006Z] Could not find functions.yaml. Must use http discovery
[debug] [2024-02-02T05:21:42.042Z] Found firebase-functions binary at 'C:\Users\sevilla dsouza\Desktop\New folder (5)\trial\server\node_modules\.bin\firebase-functions'
[info] Serving at port 8885

[info] url:mongodb://localhost:27017/upqrade

[error] (node:6016) [MONGODB DRIVER] Warning: useNewUrlParser is a deprecated option: useNewUrlParser has no effect since Node.js Driver version 4.0.0 and will be removed in the next major version
(Use `node --trace-warnings ...` to show where the warning was created)

[error] (node:6016) [MONGODB DRIVER] Warning: useUnifiedTopology is a deprecated option: useUnifiedTopology has no effect since Node.js Driver version 4.0.0 and will be removed in the next major version

[error] node:events:497
      throw er; // Unhandled 'error' event
      ^

Error: listen EADDRINUSE: address already in use :::8885
    at Server.setupListenHandle [as _listen2] (node:net:1872:16)
    at listenInCluster (node:net:1920:12)
    at Server.listen (node:net:2008:7)
    at Function.listen (C:\Users\sevilla dsouza\Desktop\New folder (5)\trial\server\node_modules\express\lib\application.js:635:24)
    at Object.<anonymous> (C:\Users\sevilla dsouza\Desktop\New folder (5)\trial\server\server.js:207:9)
    at Module._compile (node:internal/modules/cjs/loader:1375:14)
    at Module._extensions..js (node:internal/modules/cjs/loader:1434:10)
    at Module.load (node:internal/modules/cjs/loader:1206:32)
    at Module._load (node:internal/modules/cjs/loader:1022:12)
    at Module.require (node:internal/modules/cjs/loader:1234:19)
Emitted 'error' event on Server instance at:
    at emitErrorNT (node:net:1899:8)
    at process.processTicksAndRejections (node:internal/process/task_queues:82:21) {
  code: 'EADDRINUSE',
  errno: -4091,
  syscall: 'listen',
  address: '::',
  port: 8885
}

Node.js v21.5.0

[debug] [2024-02-02T05:21:45.771Z] Failed to call quitquitquit. This often means the server failed to start request to http://localhost:8885/__/quitquitquit failed, reason:  {"message":"request to http://localhost:8885/__/quitquitquit failed, reason: ","type":"system","errno":"ECONNREFUSED","code":"ECONNREFUSED"}
[debug] [2024-02-02T05:21:46.313Z] FetchError: request to http://127.0.0.1:8885/__/functions.yaml failed, reason: read ECONNRESET
    at ClientRequest.<anonymous> (C:\Users\sevilla dsouza\AppData\Roaming\npm\node_modules\firebase-tools\node_modules\node-fetch\lib\index.js:1501:11)
    at ClientRequest.emit (node:events:519:28)
    at ClientRequest.emit (node:domain:488:12)
    at Socket.socketErrorListener (node:_http_client:495:9)
    at Socket.emit (node:events:519:28)
    at Socket.emit (node:domain:488:12)
    at emitErrorNT (node:internal/streams/destroy:169:8)
    at emitErrorCloseNT (node:internal/streams/destroy:128:3)
    at process.processTicksAndRejections (node:internal/process/task_queues:82:21)
[error] 
[error] Error: An unexpected error has occurred.
[debug] [2024-02-02T05:25:35.661Z] ----------------------------------------------------------------------
[debug] [2024-02-02T05:25:35.669Z] Command:       C:\Program Files\nodejs\node.exe C:\Users\sevilla dsouza\AppData\Roaming\npm\node_modules\firebase-tools\lib\bin\firebase.js deploy --only functions
[debug] [2024-02-02T05:25:35.670Z] CLI Version:   13.1.0
[debug] [2024-02-02T05:25:35.671Z] Platform:      win32
[debug] [2024-02-02T05:25:35.671Z] Node Version:  v21.5.0
[debug] [2024-02-02T05:25:35.672Z] Time:          Fri Feb 02 2024 10:55:35 GMT+0530 (India Standard Time)
[debug] [2024-02-02T05:25:35.673Z] ----------------------------------------------------------------------
[debug] 
[debug] [2024-02-02T05:25:35.951Z] > command requires scopes: ["email","openid","https://www.googleapis.com/auth/cloudplatformprojects.readonly","https://www.googleapis.com/auth/firebase","https://www.googleapis.com/auth/cloud-platform"]
[debug] [2024-02-02T05:25:35.952Z] > authorizing via signed-in user (saniton@perceptionyst.com)
[debug] [2024-02-02T05:25:35.953Z] [iam] checking project mog-aasu for permissions ["cloudfunctions.functions.create","cloudfunctions.functions.delete","cloudfunctions.functions.get","cloudfunctions.functions.list","cloudfunctions.functions.update","cloudfunctions.operations.get","firebase.projects.get"]
[debug] [2024-02-02T05:25:35.960Z] >>> [apiv2][query] POST https://cloudresourcemanager.googleapis.com/v1/projects/mog-aasu:testIamPermissions [none]
[debug] [2024-02-02T05:25:35.960Z] >>> [apiv2][(partial)header] POST https://cloudresourcemanager.googleapis.com/v1/projects/mog-aasu:testIamPermissions x-goog-quota-user=projects/mog-aasu
[debug] [2024-02-02T05:25:35.960Z] >>> [apiv2][body] POST https://cloudresourcemanager.googleapis.com/v1/projects/mog-aasu:testIamPermissions {"permissions":["cloudfunctions.functions.create","cloudfunctions.functions.delete","cloudfunctions.functions.get","cloudfunctions.functions.list","cloudfunctions.functions.update","cloudfunctions.operations.get","firebase.projects.get"]}
[debug] [2024-02-02T05:25:39.452Z] <<< [apiv2][status] POST https://cloudresourcemanager.googleapis.com/v1/projects/mog-aasu:testIamPermissions 200
[debug] [2024-02-02T05:25:39.453Z] <<< [apiv2][body] POST https://cloudresourcemanager.googleapis.com/v1/projects/mog-aasu:testIamPermissions {"permissions":["cloudfunctions.functions.create","cloudfunctions.functions.delete","cloudfunctions.functions.get","cloudfunctions.functions.list","cloudfunctions.functions.update","cloudfunctions.operations.get","firebase.projects.get"]}
[debug] [2024-02-02T05:25:39.454Z] >>> [apiv2][query] POST https://iam.googleapis.com/v1/projects/mog-aasu/serviceAccounts/mog-aasu@appspot.gserviceaccount.com:testIamPermissions [none]
[debug] [2024-02-02T05:25:39.455Z] >>> [apiv2][body] POST https://iam.googleapis.com/v1/projects/mog-aasu/serviceAccounts/mog-aasu@appspot.gserviceaccount.com:testIamPermissions {"permissions":["iam.serviceAccounts.actAs"]}
[debug] [2024-02-02T05:25:41.680Z] <<< [apiv2][status] POST https://iam.googleapis.com/v1/projects/mog-aasu/serviceAccounts/mog-aasu@appspot.gserviceaccount.com:testIamPermissions 200
[debug] [2024-02-02T05:25:41.681Z] <<< [apiv2][body] POST https://iam.googleapis.com/v1/projects/mog-aasu/serviceAccounts/mog-aasu@appspot.gserviceaccount.com:testIamPermissions {"permissions":["iam.serviceAccounts.actAs"]}
[info] 
[info] === Deploying to 'mog-aasu'...
[info] 
[info] i  deploying functions 
[debug] [2024-02-02T05:25:41.698Z] >>> [apiv2][query] GET https://firebase.googleapis.com/v1beta1/projects/mog-aasu [none]
[debug] [2024-02-02T05:25:42.542Z] <<< [apiv2][status] GET https://firebase.googleapis.com/v1beta1/projects/mog-aasu 200
[debug] [2024-02-02T05:25:42.542Z] <<< [apiv2][body] GET https://firebase.googleapis.com/v1beta1/projects/mog-aasu {"projectId":"mog-aasu","projectNumber":"289337562695","displayName":"Mog Aasu","name":"projects/mog-aasu","resources":{"hostingSite":"mog-aasu"},"state":"ACTIVE","etag":"1_3fa40a66-f108-4043-9c57-3f7d791734c6"}
[info] i  functions: preparing codebase default for deployment 
[info] i  functions: ensuring required API cloudfunctions.googleapis.com is enabled... 
[info] i  functions: ensuring required API cloudbuild.googleapis.com is enabled... 
[info] i  artifactregistry: ensuring required API artifactregistry.googleapis.com is enabled... 
[debug] [2024-02-02T05:25:42.553Z] >>> [apiv2][query] GET https://serviceusage.googleapis.com/v1/projects/mog-aasu/services/cloudfunctions.googleapis.com [none]
[debug] [2024-02-02T05:25:42.553Z] >>> [apiv2][(partial)header] GET https://serviceusage.googleapis.com/v1/projects/mog-aasu/services/cloudfunctions.googleapis.com x-goog-quota-user=projects/mog-aasu
[debug] [2024-02-02T05:25:42.557Z] >>> [apiv2][query] GET https://serviceusage.googleapis.com/v1/projects/mog-aasu/services/runtimeconfig.googleapis.com [none]
[debug] [2024-02-02T05:25:42.558Z] >>> [apiv2][(partial)header] GET https://serviceusage.googleapis.com/v1/projects/mog-aasu/services/runtimeconfig.googleapis.com x-goog-quota-user=projects/mog-aasu
[debug] [2024-02-02T05:25:42.562Z] >>> [apiv2][query] GET https://serviceusage.googleapis.com/v1/projects/mog-aasu/services/cloudbuild.googleapis.com [none]
[debug] [2024-02-02T05:25:42.563Z] >>> [apiv2][(partial)header] GET https://serviceusage.googleapis.com/v1/projects/mog-aasu/services/cloudbuild.googleapis.com x-goog-quota-user=projects/mog-aasu
[debug] [2024-02-02T05:25:42.568Z] >>> [apiv2][query] GET https://serviceusage.googleapis.com/v1/projects/mog-aasu/services/artifactregistry.googleapis.com [none]
[debug] [2024-02-02T05:25:42.569Z] >>> [apiv2][(partial)header] GET https://serviceusage.googleapis.com/v1/projects/mog-aasu/services/artifactregistry.googleapis.com x-goog-quota-user=projects/mog-aasu
[debug] [2024-02-02T05:25:44.681Z] <<< [apiv2][status] GET https://serviceusage.googleapis.com/v1/projects/mog-aasu/services/cloudbuild.googleapis.com 200
[debug] [2024-02-02T05:25:44.682Z] <<< [apiv2][body] GET https://serviceusage.googleapis.com/v1/projects/mog-aasu/services/cloudbuild.googleapis.com [omitted]
[info] +  functions: required API cloudbuild.googleapis.com is enabled 
[debug] [2024-02-02T05:25:44.703Z] <<< [apiv2][status] GET https://serviceusage.googleapis.com/v1/projects/mog-aasu/services/cloudfunctions.googleapis.com 200
[debug] [2024-02-02T05:25:44.704Z] <<< [apiv2][body] GET https://serviceusage.googleapis.com/v1/projects/mog-aasu/services/cloudfunctions.googleapis.com [omitted]
[info] +  functions: required API cloudfunctions.googleapis.com is enabled 
[debug] [2024-02-02T05:25:44.728Z] <<< [apiv2][status] GET https://serviceusage.googleapis.com/v1/projects/mog-aasu/services/runtimeconfig.googleapis.com 200
[debug] [2024-02-02T05:25:44.729Z] <<< [apiv2][body] GET https://serviceusage.googleapis.com/v1/projects/mog-aasu/services/runtimeconfig.googleapis.com [omitted]
[debug] [2024-02-02T05:25:44.788Z] <<< [apiv2][status] GET https://serviceusage.googleapis.com/v1/projects/mog-aasu/services/artifactregistry.googleapis.com 200
[debug] [2024-02-02T05:25:44.789Z] <<< [apiv2][body] GET https://serviceusage.googleapis.com/v1/projects/mog-aasu/services/artifactregistry.googleapis.com [omitted]
[info] +  artifactregistry: required API artifactregistry.googleapis.com is enabled 
[debug] [2024-02-02T05:25:44.790Z] >>> [apiv2][query] GET https://firebase.googleapis.com/v1beta1/projects/mog-aasu/adminSdkConfig [none]
[debug] [2024-02-02T05:25:45.256Z] <<< [apiv2][status] GET https://firebase.googleapis.com/v1beta1/projects/mog-aasu/adminSdkConfig 200
[debug] [2024-02-02T05:25:45.257Z] <<< [apiv2][body] GET https://firebase.googleapis.com/v1beta1/projects/mog-aasu/adminSdkConfig {"projectId":"mog-aasu","storageBucket":"mog-aasu.appspot.com"}
[debug] [2024-02-02T05:25:45.259Z] >>> [apiv2][query] GET https://runtimeconfig.googleapis.com/v1beta1/projects/mog-aasu/configs [none]
[debug] [2024-02-02T05:25:45.959Z] <<< [apiv2][status] GET https://runtimeconfig.googleapis.com/v1beta1/projects/mog-aasu/configs 200
[debug] [2024-02-02T05:25:45.960Z] <<< [apiv2][body] GET https://runtimeconfig.googleapis.com/v1beta1/projects/mog-aasu/configs {}
[debug] [2024-02-02T05:25:45.964Z] Validating nodejs source
[debug] [2024-02-02T05:25:50.244Z] > [functions] package.json contents: {
  "name": "functions",
  "description": "Cloud Functions for Firebase",
  "scripts": {
    "serve": "firebase emulators:start --only functions",
    "shell": "firebase functions:shell",
    "start": "npm run shell",
    "deploy": "firebase deploy --only functions",
    "logs": "firebase functions:log"
  },
  "engines": {
    "node": "18"
  },
  "main": "index.js",
  "dependencies": {
    "firebase-admin": "^11.8.0",
    "firebase-functions": "^4.6.0"
  },
  "devDependencies": {
    "firebase-functions-test": "^3.1.0"
  },
  "private": true
}
[debug] [2024-02-02T05:25:50.245Z] Building nodejs source
[info] i  functions: Loading and analyzing source code for codebase default to determine what to deploy 
[debug] [2024-02-02T05:25:50.251Z] Could not find functions.yaml. Must use http discovery
[debug] [2024-02-02T05:25:50.277Z] Found firebase-functions binary at 'C:\Users\sevilla dsouza\Desktop\New folder (5)\trial\server\node_modules\.bin\firebase-functions'
[info] Serving at port 8703

[info] url:mongodb://localhost:27017/upqrade

[error] (node:11896) [MONGODB DRIVER] Warning: useNewUrlParser is a deprecated option: useNewUrlParser has no effect since Node.js Driver version 4.0.0 and will be removed in the next major version
(Use `node --trace-warnings ...` to show where the warning was created)

[error] (node:11896) [MONGODB DRIVER] Warning: useUnifiedTopology is a deprecated option: useUnifiedTopology has no effect since Node.js Driver version 4.0.0 and will be removed in the next major version

[error] node:events:497
      throw er; // Unhandled 'error' event
      ^

Error: listen EADDRINUSE: address already in use :::8703
    at Server.setupListenHandle [as _listen2] (node:net:1872:16)
    at listenInCluster (node:net:1920:12)
    at Server.listen (node:net:2008:7)
    at Function.listen (C:\Users\sevilla dsouza\Desktop\New folder (5)\trial\server\node_modules\express\lib\application.js:635:24)
    at Object.<anonymous> (C:\Users\sevilla dsouza\Desktop\New folder (5)\trial\server\server.js:206:7)
    at Module._compile (node:internal/modules/cjs/loader:1375:14)
    at Module._extensions..js (node:internal/modules/cjs/loader:1434:10)
    at Module.load (node:internal/modules/cjs/loader:1206:32)
    at Module._load (node:internal/modules/cjs/loader:1022:12)
    at Module.require (node:internal/modules/cjs/loader:1234:19)
Emitted 'error' event on Server instance at:
    at emitErrorNT (node:net:1899:8)
    at process.processTicksAndRejections (node:internal/process/task_queues:82:21) {
  code: 'EADDRINUSE',
  errno: -4091,
  syscall: 'listen',
  address: '::',
  port: 8703
}

Node.js v21.5.0

[debug] [2024-02-02T05:25:53.768Z] Failed to call quitquitquit. This often means the server failed to start request to http://localhost:8703/__/quitquitquit failed, reason:  {"message":"request to http://localhost:8703/__/quitquitquit failed, reason: ","type":"system","errno":"ECONNREFUSED","code":"ECONNREFUSED"}
[debug] [2024-02-02T05:25:54.259Z] FetchError: request to http://127.0.0.1:8703/__/functions.yaml failed, reason: read ECONNRESET
    at ClientRequest.<anonymous> (C:\Users\sevilla dsouza\AppData\Roaming\npm\node_modules\firebase-tools\node_modules\node-fetch\lib\index.js:1501:11)
    at ClientRequest.emit (node:events:519:28)
    at ClientRequest.emit (node:domain:488:12)
    at Socket.socketErrorListener (node:_http_client:495:9)
    at Socket.emit (node:events:519:28)
    at Socket.emit (node:domain:488:12)
    at emitErrorNT (node:internal/streams/destroy:169:8)
    at emitErrorCloseNT (node:internal/streams/destroy:128:3)
    at process.processTicksAndRejections (node:internal/process/task_queues:82:21)
[error] 
[error] Error: An unexpected error has occurred.
[debug] [2024-02-02T05:28:04.263Z] ----------------------------------------------------------------------
[debug] [2024-02-02T05:28:04.271Z] Command:       C:\Program Files\nodejs\node.exe C:\Users\sevilla dsouza\AppData\Roaming\npm\node_modules\firebase-tools\lib\bin\firebase.js deploy --only functions
[debug] [2024-02-02T05:28:04.272Z] CLI Version:   13.1.0
[debug] [2024-02-02T05:28:04.273Z] Platform:      win32
[debug] [2024-02-02T05:28:04.274Z] Node Version:  v21.5.0
[debug] [2024-02-02T05:28:04.274Z] Time:          Fri Feb 02 2024 10:58:04 GMT+0530 (India Standard Time)
[debug] [2024-02-02T05:28:04.275Z] ----------------------------------------------------------------------
[debug] 
[debug] [2024-02-02T05:28:04.552Z] > command requires scopes: ["email","openid","https://www.googleapis.com/auth/cloudplatformprojects.readonly","https://www.googleapis.com/auth/firebase","https://www.googleapis.com/auth/cloud-platform"]
[debug] [2024-02-02T05:28:04.553Z] > authorizing via signed-in user (saniton@perceptionyst.com)
[debug] [2024-02-02T05:28:04.554Z] [iam] checking project mog-aasu for permissions ["cloudfunctions.functions.create","cloudfunctions.functions.delete","cloudfunctions.functions.get","cloudfunctions.functions.list","cloudfunctions.functions.update","cloudfunctions.operations.get","firebase.projects.get"]
[debug] [2024-02-02T05:28:04.582Z] >>> [apiv2][query] POST https://cloudresourcemanager.googleapis.com/v1/projects/mog-aasu:testIamPermissions [none]
[debug] [2024-02-02T05:28:04.582Z] >>> [apiv2][(partial)header] POST https://cloudresourcemanager.googleapis.com/v1/projects/mog-aasu:testIamPermissions x-goog-quota-user=projects/mog-aasu
[debug] [2024-02-02T05:28:04.582Z] >>> [apiv2][body] POST https://cloudresourcemanager.googleapis.com/v1/projects/mog-aasu:testIamPermissions {"permissions":["cloudfunctions.functions.create","cloudfunctions.functions.delete","cloudfunctions.functions.get","cloudfunctions.functions.list","cloudfunctions.functions.update","cloudfunctions.operations.get","firebase.projects.get"]}
[debug] [2024-02-02T05:28:07.707Z] <<< [apiv2][status] POST https://cloudresourcemanager.googleapis.com/v1/projects/mog-aasu:testIamPermissions 200
[debug] [2024-02-02T05:28:07.708Z] <<< [apiv2][body] POST https://cloudresourcemanager.googleapis.com/v1/projects/mog-aasu:testIamPermissions {"permissions":["cloudfunctions.functions.create","cloudfunctions.functions.delete","cloudfunctions.functions.get","cloudfunctions.functions.list","cloudfunctions.functions.update","cloudfunctions.operations.get","firebase.projects.get"]}
[debug] [2024-02-02T05:28:07.709Z] >>> [apiv2][query] POST https://iam.googleapis.com/v1/projects/mog-aasu/serviceAccounts/mog-aasu@appspot.gserviceaccount.com:testIamPermissions [none]
[debug] [2024-02-02T05:28:07.710Z] >>> [apiv2][body] POST https://iam.googleapis.com/v1/projects/mog-aasu/serviceAccounts/mog-aasu@appspot.gserviceaccount.com:testIamPermissions {"permissions":["iam.serviceAccounts.actAs"]}
[debug] [2024-02-02T05:28:09.806Z] <<< [apiv2][status] POST https://iam.googleapis.com/v1/projects/mog-aasu/serviceAccounts/mog-aasu@appspot.gserviceaccount.com:testIamPermissions 200
[debug] [2024-02-02T05:28:09.807Z] <<< [apiv2][body] POST https://iam.googleapis.com/v1/projects/mog-aasu/serviceAccounts/mog-aasu@appspot.gserviceaccount.com:testIamPermissions {"permissions":["iam.serviceAccounts.actAs"]}
[info] 
[info] === Deploying to 'mog-aasu'...
[info] 
[info] i  deploying functions 
[debug] [2024-02-02T05:28:09.821Z] >>> [apiv2][query] GET https://firebase.googleapis.com/v1beta1/projects/mog-aasu [none]
[debug] [2024-02-02T05:28:10.830Z] <<< [apiv2][status] GET https://firebase.googleapis.com/v1beta1/projects/mog-aasu 200
[debug] [2024-02-02T05:28:10.831Z] <<< [apiv2][body] GET https://firebase.googleapis.com/v1beta1/projects/mog-aasu {"projectId":"mog-aasu","projectNumber":"289337562695","displayName":"Mog Aasu","name":"projects/mog-aasu","resources":{"hostingSite":"mog-aasu"},"state":"ACTIVE","etag":"1_3fa40a66-f108-4043-9c57-3f7d791734c6"}
[info] i  functions: preparing codebase default for deployment 
[info] i  functions: ensuring required API cloudfunctions.googleapis.com is enabled... 
[info] i  functions: ensuring required API cloudbuild.googleapis.com is enabled... 
[info] i  artifactregistry: ensuring required API artifactregistry.googleapis.com is enabled... 
[debug] [2024-02-02T05:28:10.841Z] >>> [apiv2][query] GET https://serviceusage.googleapis.com/v1/projects/mog-aasu/services/cloudfunctions.googleapis.com [none]
[debug] [2024-02-02T05:28:10.842Z] >>> [apiv2][(partial)header] GET https://serviceusage.googleapis.com/v1/projects/mog-aasu/services/cloudfunctions.googleapis.com x-goog-quota-user=projects/mog-aasu
[debug] [2024-02-02T05:28:10.845Z] >>> [apiv2][query] GET https://serviceusage.googleapis.com/v1/projects/mog-aasu/services/runtimeconfig.googleapis.com [none]
[debug] [2024-02-02T05:28:10.845Z] >>> [apiv2][(partial)header] GET https://serviceusage.googleapis.com/v1/projects/mog-aasu/services/runtimeconfig.googleapis.com x-goog-quota-user=projects/mog-aasu
[debug] [2024-02-02T05:28:10.849Z] >>> [apiv2][query] GET https://serviceusage.googleapis.com/v1/projects/mog-aasu/services/cloudbuild.googleapis.com [none]
[debug] [2024-02-02T05:28:10.850Z] >>> [apiv2][(partial)header] GET https://serviceusage.googleapis.com/v1/projects/mog-aasu/services/cloudbuild.googleapis.com x-goog-quota-user=projects/mog-aasu
[debug] [2024-02-02T05:28:10.854Z] >>> [apiv2][query] GET https://serviceusage.googleapis.com/v1/projects/mog-aasu/services/artifactregistry.googleapis.com [none]
[debug] [2024-02-02T05:28:10.854Z] >>> [apiv2][(partial)header] GET https://serviceusage.googleapis.com/v1/projects/mog-aasu/services/artifactregistry.googleapis.com x-goog-quota-user=projects/mog-aasu
[debug] [2024-02-02T05:28:13.567Z] <<< [apiv2][status] GET https://serviceusage.googleapis.com/v1/projects/mog-aasu/services/cloudfunctions.googleapis.com 200
[debug] [2024-02-02T05:28:13.568Z] <<< [apiv2][body] GET https://serviceusage.googleapis.com/v1/projects/mog-aasu/services/cloudfunctions.googleapis.com [omitted]
[info] +  functions: required API cloudfunctions.googleapis.com is enabled 
[debug] [2024-02-02T05:28:13.575Z] <<< [apiv2][status] GET https://serviceusage.googleapis.com/v1/projects/mog-aasu/services/runtimeconfig.googleapis.com 200
[debug] [2024-02-02T05:28:13.575Z] <<< [apiv2][body] GET https://serviceusage.googleapis.com/v1/projects/mog-aasu/services/runtimeconfig.googleapis.com [omitted]
[debug] [2024-02-02T05:28:13.629Z] <<< [apiv2][status] GET https://serviceusage.googleapis.com/v1/projects/mog-aasu/services/artifactregistry.googleapis.com 200
[debug] [2024-02-02T05:28:13.630Z] <<< [apiv2][body] GET https://serviceusage.googleapis.com/v1/projects/mog-aasu/services/artifactregistry.googleapis.com [omitted]
[info] +  artifactregistry: required API artifactregistry.googleapis.com is enabled 
[debug] [2024-02-02T05:28:13.699Z] <<< [apiv2][status] GET https://serviceusage.googleapis.com/v1/projects/mog-aasu/services/cloudbuild.googleapis.com 200
[debug] [2024-02-02T05:28:13.700Z] <<< [apiv2][body] GET https://serviceusage.googleapis.com/v1/projects/mog-aasu/services/cloudbuild.googleapis.com [omitted]
[info] +  functions: required API cloudbuild.googleapis.com is enabled 
[debug] [2024-02-02T05:28:13.701Z] >>> [apiv2][query] GET https://firebase.googleapis.com/v1beta1/projects/mog-aasu/adminSdkConfig [none]
[debug] [2024-02-02T05:28:14.135Z] <<< [apiv2][status] GET https://firebase.googleapis.com/v1beta1/projects/mog-aasu/adminSdkConfig 200
[debug] [2024-02-02T05:28:14.136Z] <<< [apiv2][body] GET https://firebase.googleapis.com/v1beta1/projects/mog-aasu/adminSdkConfig {"projectId":"mog-aasu","storageBucket":"mog-aasu.appspot.com"}
[debug] [2024-02-02T05:28:14.138Z] >>> [apiv2][query] GET https://runtimeconfig.googleapis.com/v1beta1/projects/mog-aasu/configs [none]
[debug] [2024-02-02T05:28:15.138Z] <<< [apiv2][status] GET https://runtimeconfig.googleapis.com/v1beta1/projects/mog-aasu/configs 200
[debug] [2024-02-02T05:28:15.138Z] <<< [apiv2][body] GET https://runtimeconfig.googleapis.com/v1beta1/projects/mog-aasu/configs {}
[debug] [2024-02-02T05:28:15.143Z] Validating nodejs source
[debug] [2024-02-02T05:28:19.311Z] > [functions] package.json contents: {
  "name": "functions",
  "description": "Cloud Functions for Firebase",
  "scripts": {
    "serve": "firebase emulators:start --only functions",
    "shell": "firebase functions:shell",
    "start": "npm run shell",
    "deploy": "firebase deploy --only functions",
    "logs": "firebase functions:log"
  },
  "engines": {
    "node": "18"
  },
  "main": "index.js",
  "dependencies": {
    "firebase-admin": "^11.8.0",
    "firebase-functions": "^4.6.0"
  },
  "devDependencies": {
    "firebase-functions-test": "^3.1.0"
  },
  "private": true
}
[debug] [2024-02-02T05:28:19.312Z] Building nodejs source
[info] i  functions: Loading and analyzing source code for codebase default to determine what to deploy 
[debug] [2024-02-02T05:28:19.317Z] Could not find functions.yaml. Must use http discovery
[debug] [2024-02-02T05:28:19.344Z] Found firebase-functions binary at 'C:\Users\sevilla dsouza\Desktop\New folder (5)\trial\server\node_modules\.bin\firebase-functions'
[info] Serving at port 8280

[debug] [2024-02-02T05:28:21.220Z] Got response from /__/functions.yaml {"endpoints":{"myFunction":{"platform":"gcfv1","availableMemoryMb":null,"timeoutSeconds":null,"minInstances":null,"maxInstances":null,"ingressSettings":null,"serviceAccountEmail":null,"vpc":null,"httpsTrigger":{},"entryPoint":"myFunction"}},"specVersion":"v1alpha1","requiredAPIs":[]}
[info] i  functions: Loaded environment variables from .env. 
[info] i  functions: preparing server directory for uploading... 
[info] i  functions: packaged C:\Users\sevilla dsouza\Desktop\New folder (5)\trial\server (71.38 KB) for uploading 
[debug] [2024-02-02T05:28:26.504Z] >>> [apiv2][query] GET https://cloudfunctions.googleapis.com/v1/projects/mog-aasu/locations/-/functions [none]
[debug] [2024-02-02T05:28:28.421Z] <<< [apiv2][status] GET https://cloudfunctions.googleapis.com/v1/projects/mog-aasu/locations/-/functions 200
[debug] [2024-02-02T05:28:28.421Z] <<< [apiv2][body] GET https://cloudfunctions.googleapis.com/v1/projects/mog-aasu/locations/-/functions {"functions":[{"name":"projects/mog-aasu/locations/us-central1/functions/myFunction","httpsTrigger":{"url":"https://us-central1-mog-aasu.cloudfunctions.net/myFunction","securityLevel":"SECURE_ALWAYS"},"status":"ACTIVE","entryPoint":"myFunction","timeout":"60s","availableMemoryMb":256,"serviceAccountEmail":"mog-aasu@appspot.gserviceaccount.com","updateTime":"2024-02-02T04:59:36.035Z","versionId":"2","labels":{"deployment-tool":"cli-firebase","firebase-functions-hash":"22659f1f2ed8f2aa2c83944dac2b01790162cbdf"},"sourceUploadUrl":"https://storage.googleapis.com/uploads-187757528664.us-central1.cloudfunctions.appspot.com/092b6924-4c55-484f-a20d-eb94465a3dba.zip","environmentVariables":{"MONGODB_URI":"mongodb://localhost:27017/upqrade","SECRET_KEY":"mysecretkey","FIREBASE_CONFIG":"{\"projectId\":\"mog-aasu\",\"storageBucket\":\"mog-aasu.appspot.com\"}","GCLOUD_PROJECT":"mog-aasu","EVENTARC_CLOUD_EVENT_SOURCE":"projects/mog-aasu/locations/us-central1/functions/myFunction"},"runtime":"nodejs16","ingressSettings":"ALLOW_ALL","buildId":"53f155d0-89e5-4c4e-a446-1c714b19517f","buildEnvironmentVariables":{"GOOGLE_NODE_RUN_SCRIPTS":""},"buildName":"projects/289337562695/locations/us-central1/builds/53f155d0-89e5-4c4e-a446-1c714b19517f","dockerRegistry":"ARTIFACT_REGISTRY","automaticUpdatePolicy":{}}]}
[debug] [2024-02-02T05:28:28.425Z] >>> [apiv2][query] GET https://cloudfunctions.googleapis.com/v2/projects/mog-aasu/locations/-/functions filter=environment%3D%22GEN_2%22
[debug] [2024-02-02T05:28:30.159Z] <<< [apiv2][status] GET https://cloudfunctions.googleapis.com/v2/projects/mog-aasu/locations/-/functions 200
[debug] [2024-02-02T05:28:30.159Z] <<< [apiv2][body] GET https://cloudfunctions.googleapis.com/v2/projects/mog-aasu/locations/-/functions {}
[debug] [2024-02-02T05:28:30.169Z] >>> [apiv2][query] GET https://firebase.googleapis.com/v1beta1/projects/mog-aasu [none]
[debug] [2024-02-02T05:28:31.783Z] <<< [apiv2][status] GET https://firebase.googleapis.com/v1beta1/projects/mog-aasu 200
[debug] [2024-02-02T05:28:31.784Z] <<< [apiv2][body] GET https://firebase.googleapis.com/v1beta1/projects/mog-aasu {"projectId":"mog-aasu","projectNumber":"289337562695","displayName":"Mog Aasu","name":"projects/mog-aasu","resources":{"hostingSite":"mog-aasu"},"state":"ACTIVE","etag":"1_3fa40a66-f108-4043-9c57-3f7d791734c6"}
[debug] [2024-02-02T05:28:31.788Z] >>> [apiv2][query] POST https://cloudfunctions.googleapis.com/v1/projects/mog-aasu/locations/us-central1/functions:generateUploadUrl [none]
[debug] [2024-02-02T05:28:31.788Z] >>> [apiv2][body] POST https://cloudfunctions.googleapis.com/v1/projects/mog-aasu/locations/us-central1/functions:generateUploadUrl {}
[debug] [2024-02-02T05:28:32.666Z] <<< [apiv2][status] POST https://cloudfunctions.googleapis.com/v1/projects/mog-aasu/locations/us-central1/functions:generateUploadUrl 200
[debug] [2024-02-02T05:28:32.666Z] <<< [apiv2][body] POST https://cloudfunctions.googleapis.com/v1/projects/mog-aasu/locations/us-central1/functions:generateUploadUrl {"uploadUrl":"https://storage.googleapis.com/uploads-187757528664.us-central1.cloudfunctions.appspot.com/40e5a1da-9f6e-4ca4-befc-cbd3ba8f1d31.zip?GoogleAccessId=service-289337562695@gcf-admin-robot.iam.gserviceaccount.com&Expires=1706853512&Signature=ihUJQxCtZgWqckYip4Hvkdk9%2BanZtJSRZItxvFCRBOgDNcb%2Fma8ktrxtwYCnoZqzVR7mn2Vlpmi2JXzarSw5CPvkmznL91S7MO5P%2BWipMYzXtIaG1IvMfeZVy2w2Md3MaBjfV%2BmsTxF4xK9Mk09AE25M3f70jJE8nrRRrC2ZGeAeARRnydl1SHHTtOxkK6Dm6GMza%2BZIGvG1J19y6LXggVj5NQHtrSYW0A4%2BU6Abs0jJjLc%2BxGV6NH9CVWZVOVCk%2BN0w7ejl58qsEbmurJFqg2Z7bKRPb1GsDXnBz0WCqukgb7M4Fl%2B%2FzsHwbMC41oS%2BCmkWLPunqATAT0Vdimo%2Fcw%3D%3D"}
[debug] [2024-02-02T05:28:32.670Z] >>> [apiv2][query] PUT https://storage.googleapis.com/uploads-187757528664.us-central1.cloudfunctions.appspot.com/40e5a1da-9f6e-4ca4-befc-cbd3ba8f1d31.zip GoogleAccessId=service-289337562695%40gcf-admin-robot.iam.gserviceaccount.com&Expires=1706853512&Signature=ihUJQxCtZgWqckYip4Hvkdk9%2BanZtJSRZItxvFCRBOgDNcb%2Fma8ktrxtwYCnoZqzVR7mn2Vlpmi2JXzarSw5CPvkmznL91S7MO5P%2BWipMYzXtIaG1IvMfeZVy2w2Md3MaBjfV%2BmsTxF4xK9Mk09AE25M3f70jJE8nrRRrC2ZGeAeARRnydl1SHHTtOxkK6Dm6GMza%2BZIGvG1J19y6LXggVj5NQHtrSYW0A4%2BU6Abs0jJjLc%2BxGV6NH9CVWZVOVCk%2BN0w7ejl58qsEbmurJFqg2Z7bKRPb1GsDXnBz0WCqukgb7M4Fl%2B%2FzsHwbMC41oS%2BCmkWLPunqATAT0Vdimo%2Fcw%3D%3D
[debug] [2024-02-02T05:28:32.671Z] >>> [apiv2][body] PUT https://storage.googleapis.com/uploads-187757528664.us-central1.cloudfunctions.appspot.com/40e5a1da-9f6e-4ca4-befc-cbd3ba8f1d31.zip [stream]
[debug] [2024-02-02T05:28:44.013Z] *** [apiv2] error from fetch(https://storage.googleapis.com/uploads-187757528664.us-central1.cloudfunctions.appspot.com/40e5a1da-9f6e-4ca4-befc-cbd3ba8f1d31.zip?GoogleAccessId=service-289337562695%40gcf-admin-robot.iam.gserviceaccount.com&Expires=1706853512&Signature=ihUJQxCtZgWqckYip4Hvkdk9%2BanZtJSRZItxvFCRBOgDNcb%2Fma8ktrxtwYCnoZqzVR7mn2Vlpmi2JXzarSw5CPvkmznL91S7MO5P%2BWipMYzXtIaG1IvMfeZVy2w2Md3MaBjfV%2BmsTxF4xK9Mk09AE25M3f70jJE8nrRRrC2ZGeAeARRnydl1SHHTtOxkK6Dm6GMza%2BZIGvG1J19y6LXggVj5NQHtrSYW0A4%2BU6Abs0jJjLc%2BxGV6NH9CVWZVOVCk%2BN0w7ejl58qsEbmurJFqg2Z7bKRPb1GsDXnBz0WCqukgb7M4Fl%2B%2FzsHwbMC41oS%2BCmkWLPunqATAT0Vdimo%2Fcw%3D%3D, {"headers":{},"method":"PUT","body":{"fd":5,"path":"C:\\Users\\SEVILL~1\\AppData\\Local\\Temp\\firebase-functions--1620-MxBVJAogC0jZ-.zip","flags":"r","mode":438,"end":null,"bytesRead":73091,"_events":{},"_readableState":{"highWaterMark":65536,"buffer":[{"type":"Buffer","data":[85,227,240,128,119,201,233,230,33,104,241,137,99,112,143,178,249,1,11,147,174,110,24,161,103,196,230,43,31,16,104,153,175,215,168,166,119,132,1,11,239,222,54,154,165,69,149,42,26,158,44,70,43,121,65,216,244,137,205,40,83,215,37,31,28,58,97,36,39,84,18,212,139,160,207,244,73,87,136,147,229,124,75,155,195,45,137,186,29,244,100,96,163,40,220,89,195,194,202,38,170,50,149,228,41,164,120,110,189,238,15,51,74,151,155,222,214,187,67,124,169,190,250,136,67,174,5,166,119,60,51,86,192,179,255,122,186,51,77,92,11,140,34,104,126,118,27,26,159,95,154,72,106,95,78,135,168,205,208,188,15,41,61,75,36,11,105,64,136,217,142,117,54,8,45,238,230,35,130,88,21,75,154,240,71,219,137,51,137,227,45,52,13,83,136,141,199,51,120,45,159,164,30,97,111,71,19,237,136,29,246,68,129,111,172,104,187,44,154,10,203,15,158,188,10,1,220,43,64,205,125,254,248,240,47,244,59,143,127,37,11,120,112,125,211,109,168,125,206,136,195,216,227,102,122,206,73,147,209,126,230,214,100,64,59,227,206,26,238,168,187,138,226,4,196,77,205,16,89,50,59,24,61,70,83,166,163,171,214,48,29,209,187,222,70,31,174,231,214,228,64,147,251,248,196,159,122,179,221,145,136,15,27,54,155,110,230,41,247,96,111,190,238,57,221,166,101,2,239,233,159,231,1,77,13,99,255,21,221,103,13,207,116,35,53,180,87,197,33,32,156,52,248,114,145,244,29,221,203,206,156,87,105,82,72,45,224,250,224,99,12,121,236,20,209,93,174,83,18,91,87,91,86,29,149,157,68,115,62,41,32,2,78,197,202,152,74,196,128,48,131,181,125,242,34,229,96,32,112,86,44,50,59,83,231,195,104,184,48,113,218,58,5,200,124,55,159,236,107,248,64,56,132,137,253,150,185,253,191,229,10,128,131,121,124,141,120,4,255,234,1,84,140,171,42,105,235,6,92,200,94,56,12,150,0,151,6,80,166,242,105,231,102,10,199,245,40,26,16,30,122,20,53,61,155,78,118,244,105,238,85,149,220,25,26,1,46,173,237,67,126,196,16,74,129,150,240,154,232,108,81,162,63,11,17,101,103,85,59,23,102,230,101,56,88,66,28,181,21,167,194,36,247,156,138,55,115,185,35,63,98,167,180,180,254,159,216,158,187,26,132,43,131,190,27,245,250,98,218,162,57,196,214,235,202,52,252,23,242,77,201,176,64,152,254,141,124,23,116,110,35,45,68,98,235,108,230,241,48,217,109,75,106,58,88,234,199,108,44,240,132,104,213,179,170,222,172,150,182,221,155,245,244,160,55,139,209,121,229,97,195,193,76,212,41,39,201,106,126,61,246,93,154,151,250,78,53,92,119,44,178,227,41,195,17,227,193,184,188,30,85,239,11,86,95,149,6,123,134,110,41,93,240,141,27,156,92,160,95,111,55,252,38,252,224,25,205,159,155,226,180,127,54,24,22,55,47,249,186,113,159,236,117,75,232,232,76,251,229,89,90,28,188,48,37,192,79,251,122,113,236,133,40,212,133,46,47,27,255,172,69,89,236,96,79,96,97,190,221,59,139,153,212,59,73,235,169,92,6,209,198,20,137,72,29,142,58,195,156,166,82,75,95,46,58,132,19,76,119,180,18,250,226,140,60,224,218,60,233,172,237,26,35,11,84,57,72,211,229,24,207,224,98,70,161,100,218,241,5,166,120,240,207,222,153,145,215,118,246,126,44,215,51,47,3,5,215,234,91,224,168,173,19,123,37,11,184,115,153,252,5,114,162,196,175,22,248,92,219,97,52,232,109,103,236,208,128,198,200,150,44,247,249,81,69,240,146,67,122,112,186,20,233,67,204,144,232,113,8,241,253,126,175,63,89,101,120,21,206,17,24,173,96,134,167,69,5,33,170,32,45,132,234,32,97,214,94,54,237,253,212,97,226,153,244,168,203,223,241,231,122,222,126,3,211,56,127,249,219,16,178,235,251,175,90,216,182,131,160,51,95,55,226,4,192,186,190,60,173,8,250,157,227,122,165,11,182,228,250,6,52,113,3,188,238,79,213,127,135,196,4,91,233,79,121,100,9,131,90,236,74,33,66,108,145,219,217,146,152,227,17,212,163,148,49,220,177,130,220,134,10,78,91,38,219,122,153,79,104,85,73,44,40,16,148,208,42,56,55,237,97,61,54,74,230,17,111,143,93,226,148,205,5,248,155,103,214,215,45,205,186,106,143,103,199,22,251,213,195,191,209,170,149,221,81,62,179,233,186,16,0,91,194,127,181,232,215,154,185,227,37,215,49,78,58,197,206,35,151,46,29,156,61,138,1,185,19,61,179,38,180,29,81,79,160,211,80,62,192,81,109,4,137,48,245,118,51,145,171,133,117,158,239,133,189,36,59,180,60,238,176,199,197,92,96,143,199,83,14,39,226,33,11,241,240,227,136,98,230,135,86,51,21,227,25,43,190,151,78,59,147,108,120,0,104,183,13,167,134,118,213,83,247,39,33,201,142,133,228,206,11,94,235,184,168,182,34,58,69,54,115,231,120,86,195,123,125,70,113,238,122,162,186,184,29,64,123,151,183,250,158,58,80,204,157,35,142,7,35,154,16,7,171,172,54,42,126,21,109,156,132,68,79,117,58,127,8,17,124,110,17,218,68,165,179,80,87,82,163,171,198,65,145,24,113,226,90,73,218,213,95,221,180,154,123,252,215,221,173,231,107,0,150,62,93,252,124,185,111,225,136,149,134,202,15,16,97,165,241,217,42,228,121,52,171,13,9,89,237,229,146,69,227,178,154,213,52,26,78,240,100,218,183,41,34,128,88,185,35,165,66,88,248,226,174,19,177,201,132,175,28,88,71,79,30,189,38,60,59,210,112,50,21,113,184,127,82,31,46,33,79,28,177,155,7,245,9,194,215,227,4,148,171,143,250,12,26,235,241,163,13,8,215,253,134,92,130,48,119,215,152,23,3,90,82,75,55,92,80,174,126,209,227,207,86,187,124,232,12,246,5,36,221,55,223,198,195,64,126,232,65,223,91,250,155,128,102,138,117,247,116,111,166,228,233,48,152,203,19,125,208,133,5,58,88,92,165,73,163,1,92,207,123,160,127,0,255,109,105,65,83,30,113,238,2,56,107,131,223,140,215,239,118,239,233,25,5,55,76,205,181,238,209,164,174,95,240,61,222,228,157,249,2,173,98,119,146,6,168,252,227,143,31,125,112,241,104,19,106,251,109,164,194,43,53,247,245,112,200,35,105,32,155,15,227,27,26,153,108,81,255,77,241,19,44,66,50,185,162,203,89,56,142,23,254,88,67,252,169,31,161,38,167,224,147,195,40,208,72,214,98,123,91,69,24,147,132,56,158,33,187,217,4,224,238,215,172,35,175,146,221,254,56,65,116,101,14,65,139,45,181,30,148,22,171,198,211,84,123,136,231,191,115,88,62,112,232,64,23,88,247,163,152,90,163,206,174,162,210,218,163,187,209,125,99,211,219,42,103,189,245,185,3,17,46,15,219,156,117,182,136,222,217,210,76,62,225,162,64,231,52,183,132,215,146,227,152,22,190,213,3,101,96,142,7,199,35,67,146,81,61,12,107,126,123,144,200,74,85,147,233,52,160,38,80,157,46,83,39,135,196,96,191,221,87,194,105,231,15,144,211,131,3,241,185,105,232,183,59,111,231,252,247,179,83,6,50,226,95,15,233,130,132,58,96,90,102,233,221,134,194,231,220,82,59,136,49,227,220,100,51,156,15,166,179,48,40,134,156,131,30,45,137,147,4,86,99,107,57,208,243,28,142,215,182,24,112,226,42,148,150,97,121,68,138,195,42,76,251,213,240,132,192,129,62,94,197,145,191,15,17,110,84,111,156,84,115,70,6,154,60,112,235,153,70,191,66,173,62,27,155,165,198,65,112,84,174,7,231,82,146,240,239,207,135,108,105,169,146,43,254,69,203,221,116,219,239,154,230,173,218,64,183,146,20,82,45,191,97,211,229,255,254,231,245,65,207,7,221,52,232,94,242,224,119,218,230,62,75,53,252,86,241,215,35,105,168,11,61,254,162,219,80,253,124,15,33,106,10,37,19,179,220,245,12,166,84,236,185,94,44,198,19,111,221,167,165,168,227,132,22,154,141,189,17,19,22,72,57,75,125,178,164,108,119,50,176,7,60,101,49,82,56,102,151,108,130,106,214,138,52,167,176,142,110,183,51,107,231,236,235,234,240,173,194,218,215,249,146,255,180,99,75,55,141,194,112,93,40,141,149,115,235,121,120,206,212,255,252,19,220,218,145,155,82,5,19,205,193,141,62,129,46,92,239,186,150,218,213,130,220,136,149,38,132,127,238,154,188,9,200,143,31,63,181,192,207,141,56,237,190,107,5,62,167,15,127,179,67,159,136,48,2,255,2,83,202,219,156,14,229,229,44,156,115,132,244,106,183,90,6,207,114,165,1,95,7,63,26,224,171,22,86,97,180,98,84,105,113,212,97,99,199,43,234,201,145,119,162,7,219,131,44,203,55,84,181,61,97,65,190,81,32,189,10,10,104,20,145,234,97,86,141,59,216,113,215,97,235,53,87,123,228,188,222,71,251,13,201,10,193,230,164,175,99,212,96,15,16,47,71,15,142,218,39,236,106,217,86,89,40,174,243,97,18,235,235,65,171,51,73,168,11,157,95,52,54,162,69,196,42,77,160,1,53,112,49,149,112,246,112,238,74,11,163,224,156,137,188,244,120,125,161,137,98,159,241,184,245,162,42,51,33,41,216,89,82,24,6,125,72,201,100,73,19,14,178,74,234,186,179,221,143,214,177,187,223,120,53,231,199,232,112,80,33,51,227,177,191,239,137,107,123,215,98,125,61,20,175,37,198,83,28,163,65,87,4,94,76,99,74,111,120,221,175,149,85,97,168,73,0,16,198,187,122,108,157,135,167,63,51,47,240,175,239,4,91,222,19,7,108,127,183,94,183,161,252,185,202,82,17,98,110,76,216,181,104,231,42,156,36,153,48,161,123,218,94,22,204,158,85,167,174,53,235,143,134,146,158,100,35,124,54,196,122,209,152,159,123,190,24,245,39,149,132,121,65,202,122,242,116,50,70,180,209,22,66,118,70,29,207,196,100,94,96,181,253,112,100,95,115,246,92,6,215,204,200,123,27,19,255,143,63,26,176,132,123,147,115,7,127,124,118,35,127,27,120,127,123,244,6,238,62,177,2,191,113,125,1,49,224,27,127,85,231,180,13,220,188,88,247,249,54,35,223,136,169,61,91,224,97,171,111,207,11,176,86,219,4,218,184,200,208,121,150,225,142,201,196,13,80,100,183,42,246,234,152,94,10,10,55,244,134,12,4,31,21,118,106,99,144,126,160,39,75,58,226,183,90,137,239,138,168,226,42,116,204,81,10,197,153,208,80,76,24,54,212,35,31,239,73,216,252,20,204,133,240,97,187,63,209,80,173,153,123,178,180,211,11,27,15,76,201,205,72,181,245,103,11,64,17,176,15,252,108,178,194,109,52,250,130,69,183,46,178,149,80,62,119,9,216,69,171,8,221,227,125,171,163,20,97,33,71,9,51,218,75,142,19,45,83,95,149,205,120,57,233,84,54,17,159,36,216,201,168,73,89,207,148,189,204,216,148,132,5,166,18,206,87,75,106,190,90,218,150,250,224,149,253,101,253,100,37,70,9,66,135,47,1,12,126,115,192,154,138,209,134,13,224,223,128,7,118,247,155,175,74,203,143,54,209,151,34,136,245,110,17,191,4,185,1,120,133,183,138,212,214,59,122,161,10,118,245,242,186,65,41,108,17,181,27,173,122,189,17,102,40,203,37,59,220,45,83,59,102,116,204,196,140,241,158,15,199,252,100,87,193,244,76,86,247,137,178,197,234,125,105,211,156,230,8,24,42,172,39,20,26,74,142,24,72,225,84,22,85,116,20,239,53,106,213,223,22,10,134,141,48,237,97,103,223,221,224,174,166,230,83,9,65,238,139,88,62,48,49,177,114,237,223,125,166,116,136,111,149,213,131,93,106,186,130,1,83,47,175,187,13,173,207,173,201,94,100,88,187,231,40,222,66,216,150,5,190,74,14,118,48,42,143,66,145,248,112,165,233,70,226,105,253,176,179,238,33,26,86,243,217,1,9,221,206,234,88,138,122,201,167,250,52,247,86,34,183,198,101,97,207,244,201,93,90,165,16,109,17,19,4,127,136,6,126,171,251,161,233,180,76,210,202,109,240,108,126,254,249,216,240,248,214,32,123,215,161,12,62,113,63,94,247,121,11,237,205,43,109,187,181,127,67,166,82,59,41,174,115,219,152,255,120,155,113,252,199,205,204,125,124,96,66,128,134,250,236,180,0,207,230,27,74,53,86,194,16,204,40,2,71,37,4,142,50,40,105,253,52,183,224,246,133,16,154,108,18,35,136,135,197,2,167,114,177,215,217,102,107,31,71,245,165,195,219,7,40,9,135,178,99,158,182,148,42,14,231,46,47,32,229,46,57,160,25,1,177,107,174,95,148,169,70,143,250,170,25,174,249,141,182,65,215,227,220,168,121,237,147,115,242,17,95,172,212,232,30,45,215,232,42,105,224,189,68,81,6,199,230,59,44,122,71,189,225,214,187,223,181,197,29,32,230,165,146,237,244,145,39,232,146,239,133,10,67,155,157,48,92,217,115,122,144,173,22,113,53,88,84,181,173,100,235,9,39,114,171,35,189,88,205,227,121,190,230,202,3,36,102,91,86,19,32,211,52,160,253,74,57,29,177,13,203,174,165,173,160,196,238,131,253,254,235,246,200,203,98,47,139,79,103,168,56,112,167,188,247,125,128,40,221,0,5,27,179,5,202,127,137,47,122,105,127,34,231,185,135,63,254,251,191,127,252,137,244,27,44,106,240,250,31,127,32,143,64,6,175,119,189,244,92,45,54,206,35,91,159,9,4,240,50,190,158,7,189,82,133,186,208,245,117,227,109,180,72,131,250,81,198,25,42,211,79,124,147,247,24,158,29,111,5,140,242,203,232,52,87,199,94,141,113,37,118,74,146,154,237,109,241,29,22,233,241,204,170,71,90,7,182,220,189,64,217,91,161,222,193,213,65,243,242,48,172,83,217,128,48,210,197,142,187,226,195,209,93,175,185,83,33,131,251,81,143,247,33,22,80,146,250,245,11,34,32,8,117,33,240,163,41,63,109,113,57,132,195,35,93,27,166,49,145,102,211,25,75,122,219,197,134,239,77,138,169,173,211,88,66,216,193,48,205,234,84,95,151,228,137,93,141,245,92,232,160,62,195,174,34,94,135,97,50,60,69,179,13,4,47,78,228,106,39,224,80,135,16,198,234,112,176,231,142,15,38,250,3,107,242,137,149,190,83,229,31,48,81,113,65,162,233,133,198,125,180,66,109,157,158,234,76,19,176,242,252,170,117,203,125,161,51,150,126,168,34,140,31,193,131,190,188,160,4,108,27,114,194,134,68,11,91,38,93,86,90,158,50,175,231,108,180,28,234,35,130,223,51,188,53,172,87,218,90,234,103,7,121,97,216,197,60,55,113,42,201,85,221,21,23,29,122,79,105,41,1,184,249,209,243,199,230,203,226,24,226,23,241,13,109,90,41,177,9,74,99,154,159,93,164,33,242,185,189,33,116,161,174,55,235,78,103,60,247,87,44,228,196,115,127,191,17,137,217,124,206,239,228,37,117,194,145,36,80,166,115,115,232,197,18,117,170,105,233,68,251,37,95,50,110,7,31,106,19,132,203,112,116,140,160,171,29,63,246,61,86,139,243,104,156,45,127,107,240,121,133,103,248,250,2,172,185,86,102,53,58,16,52,179,61,68,209,62,206,241,0,236,114,0,94,107,196,141,217,186,122,255,55,31,186,153,205,250,110,112,243,219,199,222,229,139,222,240,112,46,232,44,192,247,185,199,98,249,241,227,231,155,46,248,249,39,144,252,135,37,206,187,112,29,115,255,243,207,222,25,102,189,57,18,119,105,188,207,176,240,91,117,144,189,91,236,169,206,126,68,121,111,47,83,177,153,156,71,230,198,215,179,117,126,170,238,249,137,62,63,98,169,24,38,51,137,152,232,182,161,145,22,29,170,236,8,49,208,168,100,215,9,133,175,2,94,195,32,99,171,199,170,202,142,251,39,120,33,38,210,201,15,20,212,236,120,189,169,230,142,216,204,158,214,73,121,232,139,51,145,236,48,187,76,235,65,139,209,67,70,232,47,40,171,54,17,171,42,208,210,160,27,101,70,246,170,16,5,88,242,91,77,87,107,230,222,232,2,222,222,222,53,49,139,22,221,121,177,232,36,121,226,175,198,250,12,10,78,140,134,151,38,95,84,171,129,113,50,198,101,98,45,150,3,175,204,40,40,133,60,78,140,102,70,193,103,28,226,89,139,112,59,93,91,27,115,59,31,47,140,114,209,95,26,36,45,42,102,154,16,83,111,117,248,13,238,245,149,240,182,55,3,215,75,192,45,207,114,57,162,237,144,158,63,168,61,252,55,128,149,245,63,255,246,127,0,80,75,7,8,164,106,152,247,113,5,1,0,225,156,3,0,80,75,3,4,20,0,8,0,8,0,204,40,66,88,0,0,0,0,0,0,0,0,0,0,0,0,12,0,0,0,112,97,99,107,97,103,101,46,106,115,111,110,125,80,205,74,196,48,16,190,247,41,134,156,109,216,162,200,210,171,178,143,81,136,205,180,70,210,73,73,210,178,203,178,239,46,147,216,63,68,175,51,223,255,189,0,16,164,6,20,53,136,110,162,54,26,71,65,60,241,89,99,104,189,25,249,194,223,55,235,38,13,151,5,3,157,243,112,49,30,63,84,192,76,200,240,32,106,184,23,0,0,34,160,159,179,242,15,14,112,152,172,138,206,135,58,68,229,35,148,165,35,123,131,163,51,51,63,209,218,148,105,97,174,144,58,255,56,34,3,89,134,129,52,14,224,39,130,195,87,227,104,221,237,160,147,79,127,26,91,215,115,1,209,253,246,181,174,23,5,192,35,141,131,212,27,194,93,87,114,58,85,173,206,27,104,80,38,77,103,72,227,85,126,173,187,142,72,26,169,53,123,254,98,88,42,61,100,86,83,85,242,44,79,105,91,216,18,149,235,18,156,179,121,145,175,242,180,89,106,156,223,241,95,253,149,94,70,12,105,186,230,89,86,123,141,209,155,89,69,110,19,253,132,197,163,248,6,80,75,7,8,68,198,34,109,246,0,0,0,38,2,0,0,80,75,3,4,20,0,8,0,8,0,141,43,66,88,0,0,0,0,0,0,0,0,0,0,0,0,19,0,0,0,46,114,117,110,116,105,109,101,99,111,110,102,105,103,46,106,115,111,110,77,202,187,13,128,48,12,5,192,222,83,60,185,134,12,64,73,199,24,38,152,8,80,228,40,159,42,202,238,20,52,212,119,157,0,62,175,172,187,20,229,5,157,0,128,83,182,91,125,221,14,94,192,209,194,44,82,26,79,31,150,106,89,130,174,205,63,90,255,193,73,74,37,89,117,222,34,19,48,104,188,80,75,7,8,158,57,112,158,81,0,0,0,96,0,0,0,80,75,3,4,20,0,8,0,8,0,0,43,66,88,0,0,0,0,0,0,0,0,0,0,0,0,9,0,0,0,115,101,114,118,101,114,46,106,115,237,88,109,111,35,183,17,254,110,192,255,97,112,56,100,87,136,188,107,167,205,23,29,84,224,226,151,86,72,206,118,101,59,125,9,82,155,90,142,36,58,187,228,30,201,149,108,40,250,239,197,144,220,93,74,231,115,115,159,218,162,253,38,113,135,228,112,94,158,153,103,242,28,12,234,21,234,236,209,28,30,104,252,216,8,141,105,194,149,69,185,74,6,89,161,228,92,44,210,193,187,195,131,66,73,99,1,159,106,141,198,192,24,58,225,176,148,244,66,244,9,141,157,212,177,88,88,60,18,117,36,89,41,185,80,202,96,44,216,174,69,98,51,197,159,175,153,54,168,99,65,90,61,170,221,114,36,251,184,182,177,208,163,81,114,141,51,171,126,65,25,73,213,204,46,99,49,250,159,12,222,65,158,195,123,206,193,46,133,129,82,72,108,223,93,40,189,243,104,250,31,29,55,103,198,158,154,85,124,34,45,29,21,102,21,75,237,28,49,143,15,40,52,50,139,167,102,245,23,45,236,238,51,11,179,58,90,187,85,114,136,147,187,154,61,98,65,23,122,233,206,59,172,38,147,7,135,68,94,187,190,154,222,194,24,106,173,10,52,38,67,185,202,220,210,175,191,194,183,199,199,199,221,254,138,207,238,27,93,238,137,126,184,186,252,227,213,217,119,247,119,211,73,144,84,37,102,165,90,164,111,26,93,142,222,124,13,97,31,69,192,225,1,171,235,172,49,152,146,137,210,129,95,203,115,56,85,82,98,97,193,42,248,64,94,63,251,238,240,160,117,53,197,25,125,76,195,65,67,216,64,99,240,18,215,119,186,244,142,31,129,213,13,14,105,249,78,138,185,64,126,171,106,85,170,197,179,255,2,219,62,254,248,12,198,176,127,182,80,210,169,119,120,192,103,153,146,105,130,90,43,157,12,129,2,155,30,228,254,103,51,33,121,26,150,134,144,4,85,73,136,20,20,74,130,147,27,37,238,101,238,168,2,211,68,213,40,147,33,164,3,24,255,1,54,135,7,208,29,75,118,74,194,227,145,71,207,119,129,225,180,62,60,32,251,56,207,2,3,83,44,177,98,48,87,26,236,18,65,227,66,24,171,153,187,155,51,203,218,144,140,63,220,248,61,99,144,184,238,95,238,87,83,167,142,101,179,18,47,155,106,134,122,4,55,86,11,185,24,146,154,146,85,184,179,80,47,149,124,73,48,190,238,86,236,108,10,143,136,37,252,213,89,77,104,98,216,10,147,33,204,27,233,13,152,74,124,178,131,222,74,22,138,70,107,148,246,140,89,66,2,122,3,253,76,7,153,85,63,168,130,149,232,21,78,19,148,71,147,203,132,194,195,138,10,255,174,36,142,32,121,111,4,203,191,87,229,47,204,178,196,199,1,184,12,206,98,141,72,103,24,199,87,189,115,239,199,39,235,50,37,60,162,181,238,52,54,123,20,77,149,226,88,166,9,57,2,165,213,207,201,112,199,67,254,221,93,208,127,16,156,151,184,102,26,251,188,232,193,44,107,116,137,178,80,28,121,186,1,124,178,40,57,242,46,158,253,41,148,82,121,14,55,4,211,48,69,86,88,96,117,221,31,23,178,61,51,150,89,81,164,4,100,217,163,18,50,189,191,231,66,147,123,135,144,20,165,64,105,243,89,35,74,158,12,6,30,232,238,106,78,6,143,176,206,221,212,235,76,193,186,64,235,194,176,49,168,19,3,147,107,96,156,83,9,112,178,109,174,119,136,159,85,107,159,243,47,126,217,0,179,86,139,89,99,241,146,85,8,163,86,179,73,157,12,97,137,140,163,110,63,252,245,232,66,233,53,211,28,57,253,34,199,238,24,228,92,242,90,9,105,93,162,204,149,174,192,52,179,74,24,35,148,244,214,169,149,177,105,146,199,65,96,146,33,48,243,44,11,72,53,126,36,215,153,207,100,236,212,215,48,248,147,83,202,140,156,159,63,102,94,71,227,53,1,176,250,217,199,177,207,119,11,162,126,239,205,227,75,65,230,13,63,169,93,172,237,129,194,29,213,179,201,53,21,28,50,40,93,209,109,111,47,104,207,221,64,148,192,67,151,181,67,136,82,21,182,225,66,138,46,135,115,0,64,213,236,134,173,16,40,90,35,228,161,184,111,15,150,184,222,11,117,74,191,120,201,227,7,237,136,85,240,103,120,252,112,64,66,2,145,66,97,45,100,21,125,100,107,38,44,37,119,124,120,70,224,224,242,175,85,169,173,45,201,25,41,77,159,63,1,77,18,213,104,92,200,55,38,253,230,248,120,144,25,148,60,77,226,163,193,52,5,149,187,121,83,58,168,5,216,66,193,108,177,132,212,65,120,64,160,222,41,110,53,77,206,169,46,208,197,66,46,34,163,145,123,252,190,224,203,72,131,111,73,3,234,52,40,141,105,251,8,146,137,180,168,37,43,125,230,106,112,199,118,240,180,61,60,232,0,39,207,97,39,152,53,90,45,208,93,239,28,55,215,170,234,107,38,37,214,2,41,176,251,120,127,45,170,63,9,81,103,215,113,112,71,108,176,108,78,181,111,179,29,100,70,105,155,110,118,128,205,67,254,209,9,108,7,89,41,42,97,211,19,143,34,83,175,45,66,201,140,221,217,98,250,56,219,117,106,187,133,131,144,81,214,6,47,121,223,58,107,146,170,148,9,95,230,186,215,236,247,159,225,69,122,55,227,149,144,80,179,69,40,13,222,167,110,245,139,220,185,161,236,198,46,255,63,54,168,9,0,40,71,74,180,224,254,195,24,54,219,14,21,196,28,82,218,211,37,128,3,10,215,102,57,168,23,178,80,21,5,191,59,216,184,94,1,132,180,10,152,171,203,160,92,251,217,34,128,39,6,6,75,44,44,242,253,26,238,46,10,250,0,180,123,168,223,97,101,209,148,190,0,57,132,194,174,229,161,254,0,56,123,110,165,253,13,180,122,198,158,227,6,33,190,212,199,9,61,59,8,102,6,93,71,145,198,82,148,58,190,183,128,175,225,164,71,89,103,130,11,165,43,230,203,93,171,2,48,3,18,145,35,135,25,51,200,65,73,120,86,141,110,243,209,219,136,202,15,179,187,234,250,53,139,252,50,210,219,189,160,235,106,72,145,47,237,108,218,75,242,28,254,76,174,254,172,209,58,199,239,228,164,79,227,13,188,213,184,192,167,145,235,181,166,184,56,127,170,211,135,127,188,221,236,43,189,125,24,192,22,40,116,200,176,91,234,69,232,135,119,200,191,0,18,167,64,235,149,208,81,59,214,224,145,189,3,129,255,230,180,207,115,184,85,112,166,214,178,84,140,104,99,168,181,61,100,243,153,111,70,124,122,243,32,233,136,225,43,173,8,101,110,8,227,64,90,94,232,53,254,7,50,191,141,246,255,231,254,30,84,253,187,115,223,53,38,159,111,34,92,238,19,77,187,23,124,4,199,158,148,121,103,230,57,220,25,98,29,232,34,156,112,62,49,29,140,186,245,185,40,209,181,184,49,218,236,67,211,133,210,23,36,71,124,177,133,213,201,205,85,192,211,65,102,234,82,216,52,185,77,6,63,29,255,220,213,62,143,92,69,59,57,33,66,184,59,121,233,187,93,98,82,35,120,80,141,173,27,123,255,41,54,6,5,182,89,97,86,15,67,87,64,218,135,185,194,89,51,205,42,164,97,78,75,229,247,222,5,129,241,140,224,167,54,206,1,54,64,22,75,162,86,59,25,130,21,182,36,166,123,75,36,30,60,139,79,96,219,245,221,221,54,162,123,145,60,113,169,23,229,162,70,61,18,191,38,234,255,218,241,49,149,162,74,18,237,141,27,73,112,223,122,245,126,254,28,25,232,252,144,185,1,215,20,11,165,185,161,230,196,181,125,222,42,212,103,51,107,89,177,172,80,218,244,55,58,100,240,206,211,159,64,95,59,211,83,235,229,199,42,166,86,210,96,127,135,103,16,167,55,63,130,19,94,160,68,205,44,242,136,71,148,207,93,177,138,11,218,27,183,161,197,246,189,29,111,124,9,252,77,220,227,85,126,225,245,123,153,86,132,59,34,82,65,244,252,189,107,49,127,80,11,33,225,71,86,10,238,134,72,237,132,99,69,43,196,65,41,104,96,12,137,239,61,187,97,160,251,126,205,140,89,43,205,187,239,39,223,252,46,113,217,212,18,252,104,156,225,122,246,192,210,233,115,32,224,172,22,121,73,74,208,128,236,101,218,109,253,192,47,140,43,234,246,210,23,72,45,53,175,52,139,240,74,143,199,176,251,140,175,190,130,110,247,184,253,218,62,162,107,120,61,10,184,153,48,140,225,113,109,51,35,22,68,222,186,147,183,195,157,105,233,205,249,233,244,252,246,254,251,243,191,17,168,225,83,45,52,154,137,28,65,114,82,117,156,46,34,46,155,54,104,218,177,165,191,203,81,62,34,51,88,26,108,7,7,17,143,252,253,241,73,199,35,3,123,29,193,156,149,6,135,80,161,49,108,65,40,48,145,238,205,189,178,74,119,143,238,148,137,9,166,111,219,40,210,105,32,96,153,246,61,174,159,252,211,50,57,171,20,198,162,76,105,46,188,51,199,236,249,49,77,50,31,220,28,74,131,48,160,27,41,137,37,40,9,75,107,235,81,158,151,52,171,91,42,99,71,111,55,116,206,246,33,196,165,47,94,65,129,243,167,90,5,13,104,94,205,12,48,56,45,85,195,225,34,76,8,105,48,204,27,26,201,58,81,154,154,179,154,70,40,255,4,80,75,7,8,135,8,158,141,79,8,0,0,175,24,0,0,80,75,1,2,45,3,20,0,8,0,8,0,206,43,57,88,149,120,97,219,73,0,0,0,71,0,0,0,4,0,0,0,0,0,0,0,0,0,32,0,182,129,0,0,0,0,46,101,110,118,80,75,1,2,45,3,20,0,8,0,8,0,164,33,66,88,181,58,231,223,15,0,0,0,13,0,0,0,10,0,0,0,0,0,0,0,0,0,32,0,182,129,123,0,0,0,46,103,105,116,105,103,110,111,114,101,80,75,1,2,45,3,20,0,8,0,8,0,136,53,43,88,104,129,68,11,49,0,0,0,47,0,0,0,12,0,0,0,0,0,0,0,0,0,32,0,182,129,194,0,0,0,100,97,116,97,98,97,115,101,46,101,110,118,80,75,1,2,45,3,20,0,8,0,8,0,83,43,66,88,153,101,181,232,131,0,0,0,176,0,0,0,8,0,0,0,0,0,0,0,0,0,32,0,182,129,45,1,0,0,105,110,100,101,120,46,106,115,80,75,1,2,45,3,20,0,8,0,8,0,170,45,47,88,1,38,234,119,78,1,0,0,96,2,0,0,10,0,0,0,0,0,0,0,0,0,32,0,182,129,230,1,0,0,109,111,110,103,111,100,98,46,106,115,80,75,1,2,45,3,20,0,8,0,8,0,107,45,52,88,170,139,138,237,249,0,0,0,103,2,0,0,21,0,0,0,0,0,0,0,0,0,32,0,182,129,108,3,0,0,111,117,116,112,117,116,95,50,48,50,52,45,48,49,45,49,56,46,99,115,118,80,75,1,2,45,3,20,0,8,0,8,0,117,45,52,88,218,66,74,135,140,0,0,0,229,0,0,0,21,0,0,0,0,0,0,0,0,0,32,0,182,129,168,4,0,0,111,117,116,112,117,116,95,50,48,50,52,45,48,49,45,49,57,46,99,115,118,80,75,1,2,45,3,20,0,8,0,8,0,184,45,52,88,158,225,238,190,158,0,0,0,15,1,0,0,21,0,0,0,0,0,0,0,0,0,32,0,182,129,119,5,0,0,111,117,116,112,117,116,95,50,48,50,52,45,48,49,45,50,48,46,99,115,118,80,75,1,2,45,3,20,0,8,0,8,0,132,45,52,88,105,211,8,152,87,0,0,0,95,0,0,0,21,0,0,0,0,0,0,0,0,0,32,0,182,129,88,6,0,0,111,117,116,112,117,116,95,50,48,50,52,45,48,49,45,50,50,46,99,115,118,80,75,1,2,45,3,20,0,8,0,8,0,60,34,57,88,217,37,166,27,123,0,0,0,181,0,0,0,21,0,0,0,0,0,0,0,0,0,32,0,182,129,242,6,0,0,111,117,116,112,117,116,95,50,48,50,52,45,48,49,45,50,52,46,99,115,118,80,75,1,2,45,3,20,0,8,0,8,0,169,72,57,88,37,208,84,223,96,0,0,0,103,0,0,0,21,0,0,0,0,0,0,0,0,0,32,0,182,129,176,7,0,0,111,117,116,112,117,116,95,50,48,50,52,45,48,49,45,50,53,46,99,115,118,80,75,1,2,45,3,20,0,8,0,8,0,55,34,57,88,176,35,55,62,45,0,0,0,50,0,0,0,21,0,0,0,0,0,0,0,0,0,32,0,182,129,83,8,0,0,111,117,116,112,117,116,95,50,48,50,52,45,48,49,45,50,54,46,99,115,118,80,75,1,2,45,3,20,0,8,0,8,0,217,57,62,88,161,98,29,61,84,0,0,0,92,0,0,0,21,0,0,0,0,0,0,0,0,0,32,0,182,129,195,8,0,0,111,117,116,112,117,116,95,50,48,50,52,45,48,49,45,51,48,46,99,115,118,80,75,1,2,45,3,20,0,8,0,8,0,204,40,66,88,164,106,152,247,113,5,1,0,225,156,3,0,17,0,0,0,0,0,0,0,0,0,32,0,182,129,90,9,0,0,112,97,99,107,97,103,101,45,108,111,99,107,46,106,115,111,110,80,75,1,2,45,3,20,0,8,0,8,0,204,40,66,88,68,198,34,109,246,0,0,0,38,2,0,0,12,0,0,0,0,0,0,0,0,0,32,0,182,129,10,15,1,0,112,97,99,107,97,103,101,46,106,115,111,110,80,75,1,2,45,3,20,0,8,0,8,0,141,43,66,88,158,57,112,158,81,0,0,0,96,0,0,0,19,0,0,0,0,0,0,0,0,0,32,0,164,129,58,16,1,0,46,114,117,110,116,105,109,101,99,111,110,102,105,103,46,106,115,111,110,80,75,1,2,45,3,20,0,8,0,8,0,0,43,66,88,135,8,158,141,79,8,0,0,175,24,0,0,9,0,0,0,0,0,0,0,0,0,32,0,182,129,204,16,1,0,115,101,114,118,101,114,46,106,115,80,75,5,6,0,0,0,0,17,0,17,0,27,4,0,0,82,25,1,0,0,0]}],"bufferIndex":0,"length":7555,"pipes":[],"awaitDrainWriters":null},"_eventsCount":1}}): FetchError: request to https://storage.googleapis.com/uploads-187757528664.us-central1.cloudfunctions.appspot.com/40e5a1da-9f6e-4ca4-befc-cbd3ba8f1d31.zip?GoogleAccessId=service-289337562695%40gcf-admin-robot.iam.gserviceaccount.com&Expires=1706853512&Signature=ihUJQxCtZgWqckYip4Hvkdk9%2BanZtJSRZItxvFCRBOgDNcb%2Fma8ktrxtwYCnoZqzVR7mn2Vlpmi2JXzarSw5CPvkmznL91S7MO5P%2BWipMYzXtIaG1IvMfeZVy2w2Md3MaBjfV%2BmsTxF4xK9Mk09AE25M3f70jJE8nrRRrC2ZGeAeARRnydl1SHHTtOxkK6Dm6GMza%2BZIGvG1J19y6LXggVj5NQHtrSYW0A4%2BU6Abs0jJjLc%2BxGV6NH9CVWZVOVCk%2BN0w7ejl58qsEbmurJFqg2Z7bKRPb1GsDXnBz0WCqukgb7M4Fl%2B%2FzsHwbMC41oS%2BCmkWLPunqATAT0Vdimo%2Fcw%3D%3D failed, reason: getaddrinfo ENOTFOUND storage.googleapis.com
[warn] !  functions: Upload Error: Failed to make request to https://storage.googleapis.com/uploads-187757528664.us-central1.cloudfunctions.appspot.com/40e5a1da-9f6e-4ca4-befc-cbd3ba8f1d31.zip?GoogleAccessId=service-289337562695%40gcf-admin-robot.iam.gserviceaccount.com&Expires=1706853512&Signature=ihUJQxCtZgWqckYip4Hvkdk9%2BanZtJSRZItxvFCRBOgDNcb%2Fma8ktrxtwYCnoZqzVR7mn2Vlpmi2JXzarSw5CPvkmznL91S7MO5P%2BWipMYzXtIaG1IvMfeZVy2w2Md3MaBjfV%2BmsTxF4xK9Mk09AE25M3f70jJE8nrRRrC2ZGeAeARRnydl1SHHTtOxkK6Dm6GMza%2BZIGvG1J19y6LXggVj5NQHtrSYW0A4%2BU6Abs0jJjLc%2BxGV6NH9CVWZVOVCk%2BN0w7ejl58qsEbmurJFqg2Z7bKRPb1GsDXnBz0WCqukgb7M4Fl%2B%2FzsHwbMC41oS%2BCmkWLPunqATAT0Vdimo%2Fcw%3D%3D 
[debug] [2024-02-02T05:28:49.042Z] Error: Timed out.
    at Timeout._onTimeout (C:\Users\sevilla dsouza\AppData\Roaming\npm\node_modules\firebase-tools\lib\utils.js:258:49)
    at listOnTimeout (node:internal/timers:573:17)
    at process.processTimers (node:internal/timers:514:7)
[error] 
[error] Error: An unexpected error has occurred.
